0Fi83BHQsMA_00002|wavs/0Fi83BHQsMA_00002.wav|images/0Fi83BHQsMA_00002.jpg|wavs/EV3OmxrowWE_00001.wav
0QVXdEOiCw8_00001|wavs/0QVXdEOiCw8_00001.wav|images/0QVXdEOiCw8_00001.jpg|wavs/M7KSnq0xkWY_00001.wav
0VJqrlH9cdI_00001|wavs/0VJqrlH9cdI_00001.wav|images/0VJqrlH9cdI_00001.jpg|wavs/shG0ezBeeJc_00001.wav
0ZfSOArXbGQ_00001|wavs/0ZfSOArXbGQ_00001.wav|images/0ZfSOArXbGQ_00001.jpg|wavs/SWiwSBLXS3k_00001.wav
0gks6ceq4eQ_00002|wavs/0gks6ceq4eQ_00002.wav|images/0gks6ceq4eQ_00002.jpg|wavs/TVtgb153S6I_00001.wav
0iIh5YYDR2o_00001|wavs/0iIh5YYDR2o_00001.wav|images/0iIh5YYDR2o_00001.jpg|wavs/hQigUH0vZSE_00001.wav
18uDutylDa4_00001|wavs/18uDutylDa4_00001.wav|images/18uDutylDa4_00001.jpg|wavs/o1Z4F4e2Bw4_00001.wav
1K5SycZjGhI_00001|wavs/1K5SycZjGhI_00001.wav|images/1K5SycZjGhI_00001.jpg|wavs/EV3OmxrowWE_00003.wav
1L6lSFiV4xo_00002|wavs/1L6lSFiV4xo_00002.wav|images/1L6lSFiV4xo_00002.jpg|wavs/aSavBsX60Ss_00001.wav
1PNX6MSdVsk_00001|wavs/1PNX6MSdVsk_00001.wav|images/1PNX6MSdVsk_00001.jpg|wavs/aSavBsX60Ss_00003.wav
1US4jjWtua8_00001|wavs/1US4jjWtua8_00001.wav|images/1US4jjWtua8_00001.jpg|wavs/emW1TQ290ec_00001.wav
1bnzVjOJ6NM_00001|wavs/1bnzVjOJ6NM_00001.wav|images/1bnzVjOJ6NM_00001.jpg|wavs/BImnT7lcLDE_00001.wav
27lMmdmySb8_00001|wavs/27lMmdmySb8_00001.wav|images/27lMmdmySb8_00001.jpg|wavs/MNuOmTQdFjA_00001.wav
2SlBiFZ85d0_00002|wavs/2SlBiFZ85d0_00002.wav|images/2SlBiFZ85d0_00002.jpg|wavs/H9ZOpQzjukY_00001.wav
2UStOghblfE_00001|wavs/2UStOghblfE_00001.wav|images/2UStOghblfE_00001.jpg|wavs/VxESitIllxE_00001.wav
3A1LvXRnpVg_00001|wavs/3A1LvXRnpVg_00001.wav|images/3A1LvXRnpVg_00001.jpg|wavs/oYp5XuGYqqY_00002.wav
3OgsRa7VDtI_00001|wavs/3OgsRa7VDtI_00001.wav|images/3OgsRa7VDtI_00001.jpg|wavs/JcJ3MfJNm6g_00001.wav
3nSEitPb7BU_00001|wavs/3nSEitPb7BU_00001.wav|images/3nSEitPb7BU_00001.jpg|wavs/V4sSabKqyMU_00001.wav
3r1IPsldbBg_00002|wavs/3r1IPsldbBg_00002.wav|images/3r1IPsldbBg_00002.jpg|wavs/psN1DORYYV0_00002.wav
3uSQlcGCHUU_00001|wavs/3uSQlcGCHUU_00001.wav|images/3uSQlcGCHUU_00001.jpg|wavs/U6PoUg7jXsA_00001.wav
3vfuCPFb8wk_00001|wavs/3vfuCPFb8wk_00001.wav|images/3vfuCPFb8wk_00001.jpg|wavs/7uN4I1wEOXE_00001.wav
3zqZPujAPuc_00001|wavs/3zqZPujAPuc_00001.wav|images/3zqZPujAPuc_00001.jpg|wavs/sxnlvwprfSc_00001.wav
48xS00Iy0ac_00002|wavs/48xS00Iy0ac_00002.wav|images/48xS00Iy0ac_00002.jpg|wavs/KvvjDOtS2sw_00006.wav
4AYE3w5TWHs_00004|wavs/4AYE3w5TWHs_00004.wav|images/4AYE3w5TWHs_00004.jpg|wavs/8iSpNVj5KMw_00002.wav
4ErEBkjS3PY_00001|wavs/4ErEBkjS3PY_00001.wav|images/4ErEBkjS3PY_00001.jpg|wavs/fxbCHn6gE3U_00001.wav
4Q2aznfmcYU_00001|wavs/4Q2aznfmcYU_00001.wav|images/4Q2aznfmcYU_00001.jpg|wavs/0gks6ceq4eQ_00002.wav
4n8qT0vQbWk_00001|wavs/4n8qT0vQbWk_00001.wav|images/4n8qT0vQbWk_00001.jpg|wavs/ddxHlkIuHqg_00001.wav
4v4XxlfVk3o_00001|wavs/4v4XxlfVk3o_00001.wav|images/4v4XxlfVk3o_00001.jpg|wavs/RAR4cz9wkUk_00002.wav
55yGmKc6WfE_00001|wavs/55yGmKc6WfE_00001.wav|images/55yGmKc6WfE_00001.jpg|wavs/Zo62S0ulqhA_00001.wav
5Knz100ldLM_00001|wavs/5Knz100ldLM_00001.wav|images/5Knz100ldLM_00001.jpg|wavs/Jm2dWbNsnZI_00002.wav
5P04stEjJ9E_00003|wavs/5P04stEjJ9E_00003.wav|images/5P04stEjJ9E_00003.jpg|wavs/NL0uxDscjdo_00004.wav
5Yj3nGv0kn8_00001|wavs/5Yj3nGv0kn8_00001.wav|images/5Yj3nGv0kn8_00001.jpg|wavs/3zqZPujAPuc_00001.wav
5b5BDoddOLA_00001|wavs/5b5BDoddOLA_00001.wav|images/5b5BDoddOLA_00001.jpg|wavs/fIICVeGW4RY_00001.wav
5ifMRNag2XU_00001|wavs/5ifMRNag2XU_00001.wav|images/5ifMRNag2XU_00001.jpg|wavs/akiQuyhXR8o_00001.wav
5riPKdpuoiI_00002|wavs/5riPKdpuoiI_00002.wav|images/5riPKdpuoiI_00002.jpg|wavs/XYNUpQrZISc_00001.wav
62cNtvx6P8E_00001|wavs/62cNtvx6P8E_00001.wav|images/62cNtvx6P8E_00001.jpg|wavs/nG3vB2CuSjM_00001.wav
66koScWSHBU_00001|wavs/66koScWSHBU_00001.wav|images/66koScWSHBU_00001.jpg|wavs/VzyjDRSAWzE_00001.wav
6OaIdwUdSxE_00003|wavs/6OaIdwUdSxE_00003.wav|images/6OaIdwUdSxE_00003.jpg|wavs/S7t6Ry4PlTo_00001.wav
6Waurx8eS1o_00001|wavs/6Waurx8eS1o_00001.wav|images/6Waurx8eS1o_00001.jpg|wavs/XFnGhrCS3Gs_00001.wav
6kHSuYwt0qs_00002|wavs/6kHSuYwt0qs_00002.wav|images/6kHSuYwt0qs_00002.jpg|wavs/5P04stEjJ9E_00004.wav
6ra1MIKlYB0_00002|wavs/6ra1MIKlYB0_00002.wav|images/6ra1MIKlYB0_00002.jpg|wavs/FcmSmAwPkxg_00005.wav
6wNif5SlN08_00001|wavs/6wNif5SlN08_00001.wav|images/6wNif5SlN08_00001.jpg|wavs/nASJ0510Pxs_00002.wav
7OMLSs8t1ng_00001|wavs/7OMLSs8t1ng_00001.wav|images/7OMLSs8t1ng_00001.jpg|wavs/FmpIMt95ndU_00001.wav
7ZymFMmpOa0_00002|wavs/7ZymFMmpOa0_00002.wav|images/7ZymFMmpOa0_00002.jpg|wavs/FQEEMpzPZlY_00001.wav
7gXq1ml6B1E_00001|wavs/7gXq1ml6B1E_00001.wav|images/7gXq1ml6B1E_00001.jpg|wavs/NoCOagL69Ss_00002.wav
7gkdzkVbuVA_00001|wavs/7gkdzkVbuVA_00001.wav|images/7gkdzkVbuVA_00001.jpg|wavs/48xS00Iy0ac_00002.wav
7hQ0rgVfsP8_00001|wavs/7hQ0rgVfsP8_00001.wav|images/7hQ0rgVfsP8_00001.jpg|wavs/JP0w9lZoLwU_00002.wav
7kkRkhAXZGg_00003|wavs/7kkRkhAXZGg_00003.wav|images/7kkRkhAXZGg_00003.jpg|wavs/mSHBma0Ithk_00001.wav
7nZqiPLCvM4_00001|wavs/7nZqiPLCvM4_00001.wav|images/7nZqiPLCvM4_00001.jpg|wavs/uzKBGtf0i0M_00002.wav
7qT3RpaBlJo_00001|wavs/7qT3RpaBlJo_00001.wav|images/7qT3RpaBlJo_00001.jpg|wavs/S6ufvYWTqQ0_00001.wav
7uN4I1wEOXE_00001|wavs/7uN4I1wEOXE_00001.wav|images/7uN4I1wEOXE_00001.jpg|wavs/2UStOghblfE_00001.wav
81Ub0SMxZQo_00001|wavs/81Ub0SMxZQo_00001.wav|images/81Ub0SMxZQo_00001.jpg|wavs/9uOMectkCCs_00002.wav
87AEeLpodnE_00001|wavs/87AEeLpodnE_00001.wav|images/87AEeLpodnE_00001.jpg|wavs/62cNtvx6P8E_00001.wav
8GQZuzIdeQQ_00001|wavs/8GQZuzIdeQQ_00001.wav|images/8GQZuzIdeQQ_00001.jpg|wavs/AO4In7d6XSc_00002.wav
8HfoKd873HY_00001|wavs/8HfoKd873HY_00001.wav|images/8HfoKd873HY_00001.jpg|wavs/bS6SiVz1R0o_00002.wav
8K9Gg164Bsw_00001|wavs/8K9Gg164Bsw_00001.wav|images/8K9Gg164Bsw_00001.jpg|wavs/7gkdzkVbuVA_00001.wav
8UhqkX2VAmo_00001|wavs/8UhqkX2VAmo_00001.wav|images/8UhqkX2VAmo_00001.jpg|wavs/1US4jjWtua8_00001.wav
8VwTZFYSfvw_00001|wavs/8VwTZFYSfvw_00001.wav|images/8VwTZFYSfvw_00001.jpg|wavs/NYKcOFQCeno_00003.wav
8Z24LCysq3A_00001|wavs/8Z24LCysq3A_00001.wav|images/8Z24LCysq3A_00001.jpg|wavs/w1R4F9sSoow_00001.wav
8iSpNVj5KMw_00001|wavs/8iSpNVj5KMw_00001.wav|images/8iSpNVj5KMw_00001.jpg|wavs/NCJTV5KaJJc_00001.wav
8mPpe8AL21A_00001|wavs/8mPpe8AL21A_00001.wav|images/8mPpe8AL21A_00001.jpg|wavs/9YekkGz1E2k_00002.wav
8nbeD1mwCdo_00001|wavs/8nbeD1mwCdo_00001.wav|images/8nbeD1mwCdo_00001.jpg|wavs/3uSQlcGCHUU_00006.wav
8nt3edWLgIg_00001|wavs/8nt3edWLgIg_00001.wav|images/8nt3edWLgIg_00001.jpg|wavs/B8rmi95pYL0_00002.wav
8vNIrPeRGlM_00001|wavs/8vNIrPeRGlM_00001.wav|images/8vNIrPeRGlM_00001.jpg|wavs/BHY0FxzoKZE_00003.wav
95ovIJ3dsNk_00002|wavs/95ovIJ3dsNk_00002.wav|images/95ovIJ3dsNk_00002.jpg|wavs/5Yj3nGv0kn8_00002.wav
9B0PaSznWJE_00002|wavs/9B0PaSznWJE_00002.wav|images/9B0PaSznWJE_00002.jpg|wavs/3A1LvXRnpVg_00001.wav
9CqVYUOjHLw_00002|wavs/9CqVYUOjHLw_00002.wav|images/9CqVYUOjHLw_00002.jpg|wavs/hiIcwt88o94_00001.wav
9JKy6ZfmBn0_00001|wavs/9JKy6ZfmBn0_00001.wav|images/9JKy6ZfmBn0_00001.jpg|wavs/mc0vhSseGk4_00001.wav
9RMx31GnNXY_00001|wavs/9RMx31GnNXY_00001.wav|images/9RMx31GnNXY_00001.jpg|wavs/uL5XUwfkxZw_00002.wav
9TPFLHvn024_00002|wavs/9TPFLHvn024_00002.wav|images/9TPFLHvn024_00002.jpg|wavs/F3OhcpKSUBc_00001.wav
9YekkGz1E2k_00001|wavs/9YekkGz1E2k_00001.wav|images/9YekkGz1E2k_00001.jpg|wavs/TGZMSmcuiXM_00002.wav
9kBKQS7J7xI_00001|wavs/9kBKQS7J7xI_00001.wav|images/9kBKQS7J7xI_00001.jpg|wavs/Jm2dWbNsnZI_00001.wav
9uOMectkCCs_00001|wavs/9uOMectkCCs_00001.wav|images/9uOMectkCCs_00001.jpg|wavs/HdwOlk6HIVc_00002.wav
AMVgX8cXsHA_00002|wavs/AMVgX8cXsHA_00002.wav|images/AMVgX8cXsHA_00002.jpg|wavs/IWdzrZdRa38_00004.wav
AO4In7d6XSc_00001|wavs/AO4In7d6XSc_00001.wav|images/AO4In7d6XSc_00001.jpg|wavs/U6FvJ6jMGHU_00002.wav
AWPrOvzzqZk_00002|wavs/AWPrOvzzqZk_00002.wav|images/AWPrOvzzqZk_00002.jpg|wavs/TScetimMBL8_00003.wav
AegIbt2j0sU_00001|wavs/AegIbt2j0sU_00001.wav|images/AegIbt2j0sU_00001.jpg|wavs/IjbTiRbeNpM_00002.wav
AsSd2nmoKNA_00001|wavs/AsSd2nmoKNA_00001.wav|images/AsSd2nmoKNA_00001.jpg|wavs/RaSlxoAUP5c_00001.wav
B8rmi95pYL0_00002|wavs/B8rmi95pYL0_00002.wav|images/B8rmi95pYL0_00002.jpg|wavs/9kBKQS7J7xI_00001.wav
BHY0FxzoKZE_00002|wavs/BHY0FxzoKZE_00002.wav|images/BHY0FxzoKZE_00002.jpg|wavs/SnSHsb5xKPo_00002.wav
BImnT7lcLDE_00001|wavs/BImnT7lcLDE_00001.wav|images/BImnT7lcLDE_00001.jpg|wavs/87AEeLpodnE_00002.wav
BQZKs75RMqM_00001|wavs/BQZKs75RMqM_00001.wav|images/BQZKs75RMqM_00001.jpg|wavs/NA7krbsdXFA_00003.wav
BhMKmovNjvc_00001|wavs/BhMKmovNjvc_00001.wav|images/BhMKmovNjvc_00001.jpg|wavs/rBKV4rOgSJU_00008.wav
Bo8YN3oB0Cw_00002|wavs/Bo8YN3oB0Cw_00002.wav|images/Bo8YN3oB0Cw_00002.jpg|wavs/l5vZHuAtDZA_00001.wav
Bs86giWcjLA_00001|wavs/Bs86giWcjLA_00001.wav|images/Bs86giWcjLA_00001.jpg|wavs/ta2Wvy9FSgA_00001.wav
BvpmZktlBFs_00002|wavs/BvpmZktlBFs_00002.wav|images/BvpmZktlBFs_00002.jpg|wavs/LYCKzpXEW6E_00002.wav
BzeTjn0R2VY_00001|wavs/BzeTjn0R2VY_00001.wav|images/BzeTjn0R2VY_00001.jpg|wavs/G2XBIkHW954_00002.wav
CDsNZJTWw0w_00001|wavs/CDsNZJTWw0w_00001.wav|images/CDsNZJTWw0w_00001.jpg|wavs/DOgsYATbVSs_00001.wav
CdZJ0SMbh10_00001|wavs/CdZJ0SMbh10_00001.wav|images/CdZJ0SMbh10_00001.jpg|wavs/Ok6LbV6bqaE_00002.wav
CgNx9Bgac1I_00002|wavs/CgNx9Bgac1I_00002.wav|images/CgNx9Bgac1I_00002.jpg|wavs/kcEIsbO0ivA_00001.wav
ClfBxWPkBKU_00001|wavs/ClfBxWPkBKU_00001.wav|images/ClfBxWPkBKU_00001.jpg|wavs/uqS6T6TAu74_00001.wav
CxEqV8WtfOo_00001|wavs/CxEqV8WtfOo_00001.wav|images/CxEqV8WtfOo_00001.jpg|wavs/Sbm98rrVZzE_00001.wav
D8SSLLnV3W8_00001|wavs/D8SSLLnV3W8_00001.wav|images/D8SSLLnV3W8_00001.jpg|wavs/LHHlPnfOtRo_00001.wav
DCIL2nvU4x8_00001|wavs/DCIL2nvU4x8_00001.wav|images/DCIL2nvU4x8_00001.jpg|wavs/RAR4cz9wkUk_00001.wav
DDaldVHUedI_00002|wavs/DDaldVHUedI_00002.wav|images/DDaldVHUedI_00002.jpg|wavs/SWvJxasiSZ8_00005.wav
DOgsYATbVSs_00001|wavs/DOgsYATbVSs_00001.wav|images/DOgsYATbVSs_00001.jpg|wavs/VAJS5J21Rd0_00003.wav
DjeIpjhAqsM_00002|wavs/DjeIpjhAqsM_00002.wav|images/DjeIpjhAqsM_00002.jpg|wavs/qWNae7vYK6s_00001.wav
DsrxbqFo41k_00002|wavs/DsrxbqFo41k_00002.wav|images/DsrxbqFo41k_00002.jpg|wavs/OwgWkUIm9Gc_00004.wav
E0oPnS7rUwE_00001|wavs/E0oPnS7rUwE_00001.wav|images/E0oPnS7rUwE_00001.jpg|wavs/7kkRkhAXZGg_00004.wav
E22icGCvGXk_00001|wavs/E22icGCvGXk_00001.wav|images/E22icGCvGXk_00001.jpg|wavs/IThAD5yKrgE_00001.wav
EGjxIS5MPUY_00001|wavs/EGjxIS5MPUY_00001.wav|images/EGjxIS5MPUY_00001.jpg|wavs/7OMLSs8t1ng_00001.wav
EV3OmxrowWE_00001|wavs/EV3OmxrowWE_00001.wav|images/EV3OmxrowWE_00001.jpg|wavs/UMhLBPPtlrY_00002.wav
F3OhcpKSUBc_00001|wavs/F3OhcpKSUBc_00001.wav|images/F3OhcpKSUBc_00001.jpg|wavs/81Ub0SMxZQo_00001.wav
F5h6ynoq8uM_00001|wavs/F5h6ynoq8uM_00001.wav|images/F5h6ynoq8uM_00001.jpg|wavs/Mt0PiXLvYlU_00003.wav
FD6CqD1kV8s_00001|wavs/FD6CqD1kV8s_00001.wav|images/FD6CqD1kV8s_00001.jpg|wavs/Sv5QitqbxJw_00003.wav
FFG2rilqT2g_00003|wavs/FFG2rilqT2g_00003.wav|images/FFG2rilqT2g_00003.jpg|wavs/wmMrZyVANUo_00001.wav
FKxaL8Iau8Q_00001|wavs/FKxaL8Iau8Q_00001.wav|images/FKxaL8Iau8Q_00001.jpg|wavs/O0JDDyqtSVY_00001.wav
FQEEMpzPZlY_00001|wavs/FQEEMpzPZlY_00001.wav|images/FQEEMpzPZlY_00001.jpg|wavs/yeVz0rtXCmw_00001.wav
FcmSmAwPkxg_00001|wavs/FcmSmAwPkxg_00001.wav|images/FcmSmAwPkxg_00001.jpg|wavs/H14bBuluwB8_00001.wav
Fivy99RtMfM_00002|wavs/Fivy99RtMfM_00002.wav|images/Fivy99RtMfM_00002.jpg|wavs/mxNpNuogqsY_00003.wav
FmpIMt95ndU_00001|wavs/FmpIMt95ndU_00001.wav|images/FmpIMt95ndU_00001.jpg|wavs/vXPJVwwEmiM_00001.wav
FqrLUtIFVjs_00001|wavs/FqrLUtIFVjs_00001.wav|images/FqrLUtIFVjs_00001.jpg|wavs/HbUeAdVXOVc_00001.wav
FxtSMZKMdes_00002|wavs/FxtSMZKMdes_00002.wav|images/FxtSMZKMdes_00002.jpg|wavs/IWdzrZdRa38_00001.wav
G2XBIkHW954_00002|wavs/G2XBIkHW954_00002.wav|images/G2XBIkHW954_00002.jpg|wavs/ONM4JupBzSE_00001.wav
GAMR5RDSLJo_00005|wavs/GAMR5RDSLJo_00005.wav|images/GAMR5RDSLJo_00005.jpg|wavs/GqnJFm1CS3c_00002.wav
GGScU5ESei4_00001|wavs/GGScU5ESei4_00001.wav|images/GGScU5ESei4_00001.jpg|wavs/AsSd2nmoKNA_00002.wav
GIbz9ms9Z9k_00001|wavs/GIbz9ms9Z9k_00001.wav|images/GIbz9ms9Z9k_00001.jpg|wavs/YzGjO5aHShQ_00002.wav
GMynksvCcUI_00001|wavs/GMynksvCcUI_00001.wav|images/GMynksvCcUI_00001.jpg|wavs/ZJNESMhIxQ0_00001.wav
GSf6nijSSdA_00002|wavs/GSf6nijSSdA_00002.wav|images/GSf6nijSSdA_00002.jpg|wavs/lmyZMtPVodo_00001.wav
GZadCj8O1S0_00001|wavs/GZadCj8O1S0_00001.wav|images/GZadCj8O1S0_00001.jpg|wavs/Ip2SQa50uBI_00003.wav
Gmai4zkKNcM_00001|wavs/Gmai4zkKNcM_00001.wav|images/Gmai4zkKNcM_00001.jpg|wavs/5P04stEjJ9E_00003.wav
GqnJFm1CS3c_00002|wavs/GqnJFm1CS3c_00002.wav|images/GqnJFm1CS3c_00002.jpg|wavs/7gkdzkVbuVA_00003.wav
GvGAIGbnX7E_00001|wavs/GvGAIGbnX7E_00001.wav|images/GvGAIGbnX7E_00001.jpg|wavs/VsjTVGIw4z8_00005.wav
H14bBuluwB8_00001|wavs/H14bBuluwB8_00001.wav|images/H14bBuluwB8_00001.jpg|wavs/RD07GkmM2fc_00001.wav
H9ZOpQzjukY_00001|wavs/H9ZOpQzjukY_00001.wav|images/H9ZOpQzjukY_00001.jpg|wavs/M5PiTCwoQRo_00001.wav
HD4bpztESWw_00001|wavs/HD4bpztESWw_00001.wav|images/HD4bpztESWw_00001.jpg|wavs/3OgsRa7VDtI_00003.wav
HI7zfpitZpo_00002|wavs/HI7zfpitZpo_00002.wav|images/HI7zfpitZpo_00002.jpg|wavs/48xS00Iy0ac_00003.wav
HSercnrqeN4_00001|wavs/HSercnrqeN4_00001.wav|images/HSercnrqeN4_00001.jpg|wavs/6kHSuYwt0qs_00002.wav
HUM2rCIUdeI_00001|wavs/HUM2rCIUdeI_00001.wav|images/HUM2rCIUdeI_00001.jpg|wavs/PbgB2TaYhio_00001.wav
HbUeAdVXOVc_00001|wavs/HbUeAdVXOVc_00001.wav|images/HbUeAdVXOVc_00001.jpg|wavs/t7Xr3AsBEK4_00001.wav
HdwOlk6HIVc_00001|wavs/HdwOlk6HIVc_00001.wav|images/HdwOlk6HIVc_00001.jpg|wavs/CgNx9Bgac1I_00003.wav
HiwJ0hNl1Fw_00002|wavs/HiwJ0hNl1Fw_00002.wav|images/HiwJ0hNl1Fw_00002.jpg|wavs/9JKy6ZfmBn0_00002.wav
Hj9oB4zpHww_00001|wavs/Hj9oB4zpHww_00001.wav|images/Hj9oB4zpHww_00001.jpg|wavs/s4smjT1qwZU_00002.wav
HqekWfSJCSA_00002|wavs/HqekWfSJCSA_00002.wav|images/HqekWfSJCSA_00002.jpg|wavs/UAq4yBdSYZs_00002.wav
Ht2fzax9wV0_00001|wavs/Ht2fzax9wV0_00001.wav|images/Ht2fzax9wV0_00001.jpg|wavs/tgSCwQwYNjc_00001.wav
IPBCxlxSSVk_00001|wavs/IPBCxlxSSVk_00001.wav|images/IPBCxlxSSVk_00001.jpg|wavs/GAMR5RDSLJo_00006.wav
IS4IK8CiLg8_00001|wavs/IS4IK8CiLg8_00001.wav|images/IS4IK8CiLg8_00001.jpg|wavs/LIckScLypGA_00002.wav
IThAD5yKrgE_00001|wavs/IThAD5yKrgE_00001.wav|images/IThAD5yKrgE_00001.jpg|wavs/XFnGhrCS3Gs_00005.wav
IWdzrZdRa38_00001|wavs/IWdzrZdRa38_00001.wav|images/IWdzrZdRa38_00001.jpg|wavs/q2gO4DKVpa8_00001.wav
IjbTiRbeNpM_00001|wavs/IjbTiRbeNpM_00001.wav|images/IjbTiRbeNpM_00001.jpg|wavs/qafSjNLjedo_00001.wav
Ip2SQa50uBI_00001|wavs/Ip2SQa50uBI_00001.wav|images/Ip2SQa50uBI_00001.jpg|wavs/QeIrdqU0o9s_00002.wav
J8FyHI00ELY_00001|wavs/J8FyHI00ELY_00001.wav|images/J8FyHI00ELY_00001.jpg|wavs/8VwTZFYSfvw_00001.wav
JFQLvbVJVMg_00001|wavs/JFQLvbVJVMg_00001.wav|images/JFQLvbVJVMg_00001.jpg|wavs/gVfgkFaswn4_00001.wav
JHk9YVjhk7c_00001|wavs/JHk9YVjhk7c_00001.wav|images/JHk9YVjhk7c_00001.jpg|wavs/YzGjO5aHShQ_00004.wav
JISHzvXk5bk_00001|wavs/JISHzvXk5bk_00001.wav|images/JISHzvXk5bk_00001.jpg|wavs/8vNIrPeRGlM_00001.wav
JP0w9lZoLwU_00002|wavs/JP0w9lZoLwU_00002.wav|images/JP0w9lZoLwU_00002.jpg|wavs/cHRZ6OrSvvI_00001.wav
JSSc7hYKstI_00005|wavs/JSSc7hYKstI_00005.wav|images/JSSc7hYKstI_00005.jpg|wavs/ODLgS00f9BE_00002.wav
JTN9Nx8VYtk_00002|wavs/JTN9Nx8VYtk_00002.wav|images/JTN9Nx8VYtk_00002.jpg|wavs/n3kNlFMXslo_00002.wav
Jc9RdbHEFa0_00001|wavs/Jc9RdbHEFa0_00001.wav|images/Jc9RdbHEFa0_00001.jpg|wavs/NoCOagL69Ss_00001.wav
JcJ3MfJNm6g_00001|wavs/JcJ3MfJNm6g_00001.wav|images/JcJ3MfJNm6g_00001.jpg|wavs/wlR1ojoiue0_00001.wav
Jm2dWbNsnZI_00001|wavs/Jm2dWbNsnZI_00001.wav|images/Jm2dWbNsnZI_00001.jpg|wavs/HUM2rCIUdeI_00001.wav
KNSRifMSSvM_00001|wavs/KNSRifMSSvM_00001.wav|images/KNSRifMSSvM_00001.jpg|wavs/UZmXwOgNq7c_00002.wav
KPNn880KWfU_00003|wavs/KPNn880KWfU_00003.wav|images/KPNn880KWfU_00003.jpg|wavs/4n8qT0vQbWk_00001.wav
KuWXfjyGhk0_00001|wavs/KuWXfjyGhk0_00001.wav|images/KuWXfjyGhk0_00001.jpg|wavs/GIbz9ms9Z9k_00001.wav
KvvjDOtS2sw_00005|wavs/KvvjDOtS2sw_00005.wav|images/KvvjDOtS2sw_00005.jpg|wavs/NYKcOFQCeno_00001.wav
KxLMjn4WPBY_00001|wavs/KxLMjn4WPBY_00001.wav|images/KxLMjn4WPBY_00001.jpg|wavs/OYfoGTIG7pY_00001.wav
LEx6K4P4GJc_00001|wavs/LEx6K4P4GJc_00001.wav|images/LEx6K4P4GJc_00001.jpg|wavs/XYNUpQrZISc_00002.wav
LHHlPnfOtRo_00001|wavs/LHHlPnfOtRo_00001.wav|images/LHHlPnfOtRo_00001.jpg|wavs/9uOMectkCCs_00001.wav
LIckScLypGA_00001|wavs/LIckScLypGA_00001.wav|images/LIckScLypGA_00001.jpg|wavs/Sew0bn8mGAA_00002.wav
LIy2oVJtJsA_00002|wavs/LIy2oVJtJsA_00002.wav|images/LIy2oVJtJsA_00002.jpg|wavs/CdZJ0SMbh10_00001.wav
LYCKzpXEW6E_00001|wavs/LYCKzpXEW6E_00001.wav|images/LYCKzpXEW6E_00001.jpg|wavs/SS8TSf2srSw_00002.wav
Li4S1yyrsTI_00001|wavs/Li4S1yyrsTI_00001.wav|images/Li4S1yyrsTI_00001.jpg|wavs/RaSlxoAUP5c_00003.wav
LiUClSItcy0_00001|wavs/LiUClSItcy0_00001.wav|images/LiUClSItcy0_00001.jpg|wavs/UZmXwOgNq7c_00001.wav
LjAsM1vAhW0_00001|wavs/LjAsM1vAhW0_00001.wav|images/LjAsM1vAhW0_00001.jpg|wavs/iqEHuBST2qQ_00001.wav
LpROaNue9GM_00001|wavs/LpROaNue9GM_00001.wav|images/LpROaNue9GM_00001.jpg|wavs/qlty0OPcU6k_00001.wav
LujWrkYsl64_00002|wavs/LujWrkYsl64_00002.wav|images/LujWrkYsl64_00002.jpg|wavs/E22icGCvGXk_00004.wav
M0SbSz5Le10_00002|wavs/M0SbSz5Le10_00002.wav|images/M0SbSz5Le10_00002.jpg|wavs/fZ8eyWBQmfU_00001.wav
M5PiTCwoQRo_00001|wavs/M5PiTCwoQRo_00001.wav|images/M5PiTCwoQRo_00001.jpg|wavs/Us70DN2XSfM_00001.wav
M6TMSQWI9m4_00001|wavs/M6TMSQWI9m4_00001.wav|images/M6TMSQWI9m4_00001.jpg|wavs/EGjxIS5MPUY_00001.wav
M7KSnq0xkWY_00001|wavs/M7KSnq0xkWY_00001.wav|images/M7KSnq0xkWY_00001.jpg|wavs/18uDutylDa4_00002.wav
MIAS1xQc7x8_00002|wavs/MIAS1xQc7x8_00002.wav|images/MIAS1xQc7x8_00002.jpg|wavs/0QVXdEOiCw8_00001.wav
MNuOmTQdFjA_00001|wavs/MNuOmTQdFjA_00001.wav|images/MNuOmTQdFjA_00001.jpg|wavs/7qT3RpaBlJo_00002.wav
MsLuQM5V3FA_00001|wavs/MsLuQM5V3FA_00001.wav|images/MsLuQM5V3FA_00001.jpg|wavs/VSLurJfOSiA_00001.wav
Mt0PiXLvYlU_00003|wavs/Mt0PiXLvYlU_00003.wav|images/Mt0PiXLvYlU_00003.jpg|wavs/SFnMTHhKdkw_00003.wav
MvXZzKZ3JYQ_00001|wavs/MvXZzKZ3JYQ_00001.wav|images/MvXZzKZ3JYQ_00001.jpg|wavs/P2AUat93a8Q_00002.wav
NA7krbsdXFA_00002|wavs/NA7krbsdXFA_00002.wav|images/NA7krbsdXFA_00002.jpg|wavs/FxtSMZKMdes_00004.wav
NCJTV5KaJJc_00001|wavs/NCJTV5KaJJc_00001.wav|images/NCJTV5KaJJc_00001.jpg|wavs/0gks6ceq4eQ_00005.wav
NL0uxDscjdo_00001|wavs/NL0uxDscjdo_00001.wav|images/NL0uxDscjdo_00001.jpg|wavs/yNhu0MGS2MA_00001.wav
NYKcOFQCeno_00001|wavs/NYKcOFQCeno_00001.wav|images/NYKcOFQCeno_00001.jpg|wavs/ni4FV5zL6lM_00001.wav
NoCOagL69Ss_00001|wavs/NoCOagL69Ss_00001.wav|images/NoCOagL69Ss_00001.jpg|wavs/HdwOlk6HIVc_00001.wav
NqOjj1FCcVY_00001|wavs/NqOjj1FCcVY_00001.wav|images/NqOjj1FCcVY_00001.jpg|wavs/jPf0LjZAS14_00001.wav
O0JDDyqtSVY_00001|wavs/O0JDDyqtSVY_00001.wav|images/O0JDDyqtSVY_00001.jpg|wavs/Sktdq5z1NS4_00001.wav
O3a9AYu5SUQ_00001|wavs/O3a9AYu5SUQ_00001.wav|images/O3a9AYu5SUQ_00001.jpg|wavs/SS8TSf2srSw_00003.wav
O6Vayv9FCLM_00001|wavs/O6Vayv9FCLM_00001.wav|images/O6Vayv9FCLM_00001.jpg|wavs/UmvOgW6iV2s_00001.wav
ODLgS00f9BE_00002|wavs/ODLgS00f9BE_00002.wav|images/ODLgS00f9BE_00002.jpg|wavs/OYfoGTIG7pY_00002.wav
OIlSXRCSBSI_00001|wavs/OIlSXRCSBSI_00001.wav|images/OIlSXRCSBSI_00001.jpg|wavs/8iSpNVj5KMw_00001.wav
OM6XIICmSqo_00001|wavs/OM6XIICmSqo_00001.wav|images/OM6XIICmSqo_00001.jpg|wavs/PrK0CifulU0_00004.wav
ONM4JupBzSE_00001|wavs/ONM4JupBzSE_00001.wav|images/ONM4JupBzSE_00001.jpg|wavs/E0oPnS7rUwE_00002.wav
ORthzIOEf30_00001|wavs/ORthzIOEf30_00001.wav|images/ORthzIOEf30_00001.jpg|wavs/RplnSVTzvnU_00001.wav
OYfoGTIG7pY_00001|wavs/OYfoGTIG7pY_00001.wav|images/OYfoGTIG7pY_00001.jpg|wavs/PSlBlZ3hqKc_00004.wav
Ok6LbV6bqaE_00002|wavs/Ok6LbV6bqaE_00002.wav|images/Ok6LbV6bqaE_00002.jpg|wavs/tzJYY2p0QIc_00001.wav
OwgWkUIm9Gc_00003|wavs/OwgWkUIm9Gc_00003.wav|images/OwgWkUIm9Gc_00003.jpg|wavs/JISHzvXk5bk_00001.wav
OzA6jRYjVQs_00001|wavs/OzA6jRYjVQs_00001.wav|images/OzA6jRYjVQs_00001.jpg|wavs/Sa27SUR0Mlo_00001.wav
P2AUat93a8Q_00002|wavs/P2AUat93a8Q_00002.wav|images/P2AUat93a8Q_00002.jpg|wavs/xlUPlxSpDRo_00001.wav
PSlBlZ3hqKc_00001|wavs/PSlBlZ3hqKc_00001.wav|images/PSlBlZ3hqKc_00001.jpg|wavs/VxESitIllxE_00002.wav
PYHd7rpOTe8_00001|wavs/PYHd7rpOTe8_00001.wav|images/PYHd7rpOTe8_00001.jpg|wavs/QuIS7J59SYw_00001.wav
PaxNc5Sqn6s_00001|wavs/PaxNc5Sqn6s_00001.wav|images/PaxNc5Sqn6s_00001.jpg|wavs/0iIh5YYDR2o_00001.wav
PbgB2TaYhio_00001|wavs/PbgB2TaYhio_00001.wav|images/PbgB2TaYhio_00001.jpg|wavs/DsrxbqFo41k_00002.wav
PhVP1tNeGyY_00001|wavs/PhVP1tNeGyY_00001.wav|images/PhVP1tNeGyY_00001.jpg|wavs/WFCvkkDSfIU_00003.wav
PrK0CifulU0_00003|wavs/PrK0CifulU0_00003.wav|images/PrK0CifulU0_00003.jpg|wavs/VSLurJfOSiA_00002.wav
Q6U69HbAF9Y_00002|wavs/Q6U69HbAF9Y_00002.wav|images/Q6U69HbAF9Y_00002.jpg|wavs/MNuOmTQdFjA_00002.wav
QKHkSUiQboA_00003|wavs/QKHkSUiQboA_00003.wav|images/QKHkSUiQboA_00003.jpg|wavs/7hQ0rgVfsP8_00001.wav
QeIrdqU0o9s_00002|wavs/QeIrdqU0o9s_00002.wav|images/QeIrdqU0o9s_00002.jpg|wavs/Zo62S0ulqhA_00003.wav
QleRgTBMX88_00001|wavs/QleRgTBMX88_00001.wav|images/QleRgTBMX88_00001.jpg|wavs/LYCKzpXEW6E_00001.wav
QoT0S2vu9m4_00001|wavs/QoT0S2vu9m4_00001.wav|images/QoT0S2vu9m4_00001.jpg|wavs/rSSanSYZDT4_00001.wav
QoyBYYpal1Y_00001|wavs/QoyBYYpal1Y_00001.wav|images/QoyBYYpal1Y_00001.jpg|wavs/SaouBn7IKIo_00002.wav
QuIS7J59SYw_00001|wavs/QuIS7J59SYw_00001.wav|images/QuIS7J59SYw_00001.jpg|wavs/RCXGpEmFbOw_00001.wav
RAR4cz9wkUk_00001|wavs/RAR4cz9wkUk_00001.wav|images/RAR4cz9wkUk_00001.jpg|wavs/S6ufvYWTqQ0_00005.wav
RCXGpEmFbOw_00001|wavs/RCXGpEmFbOw_00001.wav|images/RCXGpEmFbOw_00001.jpg|wavs/RE4ce4mexrU_00002.wav
RD07GkmM2fc_00001|wavs/RD07GkmM2fc_00001.wav|images/RD07GkmM2fc_00001.jpg|wavs/VIgzTLDyObo_00002.wav
RDIy58g9n2k_00002|wavs/RDIy58g9n2k_00002.wav|images/RDIy58g9n2k_00002.jpg|wavs/RiM5aSvaNkg_00001.wav
RDSSLJG7oi8_00001|wavs/RDSSLJG7oi8_00001.wav|images/RDSSLJG7oi8_00001.jpg|wavs/Sew0bn8mGAA_00004.wav
RE4ce4mexrU_00002|wavs/RE4ce4mexrU_00002.wav|images/RE4ce4mexrU_00002.jpg|wavs/VfAiNX7jn9A_00001.wav
ROgFmb3oTLo_00001|wavs/ROgFmb3oTLo_00001.wav|images/ROgFmb3oTLo_00001.jpg|wavs/O6Vayv9FCLM_00001.wav
RaSlxoAUP5c_00001|wavs/RaSlxoAUP5c_00001.wav|images/RaSlxoAUP5c_00001.jpg|wavs/uJr4wGcLNsA_00001.wav
RiM5aSvaNkg_00001|wavs/RiM5aSvaNkg_00001.wav|images/RiM5aSvaNkg_00001.jpg|wavs/0Fi83BHQsMA_00002.wav
RlQ3CSVanaU_00001|wavs/RlQ3CSVanaU_00001.wav|images/RlQ3CSVanaU_00001.jpg|wavs/J8FyHI00ELY_00001.wav
RplnSVTzvnU_00001|wavs/RplnSVTzvnU_00001.wav|images/RplnSVTzvnU_00001.jpg|wavs/pnv5iKB2hl4_00001.wav
Rw9s0ivfn3w_00001|wavs/Rw9s0ivfn3w_00001.wav|images/Rw9s0ivfn3w_00001.jpg|wavs/UAj1hsXp18c_00003.wav
S2Dj9M71JAc_00003|wavs/S2Dj9M71JAc_00003.wav|images/S2Dj9M71JAc_00003.jpg|wavs/bS6SiVz1R0o_00001.wav
S6ufvYWTqQ0_00001|wavs/S6ufvYWTqQ0_00001.wav|images/S6ufvYWTqQ0_00001.jpg|wavs/BzeTjn0R2VY_00003.wav
S7t6Ry4PlTo_00001|wavs/S7t6Ry4PlTo_00001.wav|images/S7t6Ry4PlTo_00001.jpg|wavs/ULNPLFrTirQ_00001.wav
SE97Kgi0sR4_00001|wavs/SE97Kgi0sR4_00001.wav|images/SE97Kgi0sR4_00001.jpg|wavs/66koScWSHBU_00001.wav
SFnMTHhKdkw_00003|wavs/SFnMTHhKdkw_00003.wav|images/SFnMTHhKdkw_00003.jpg|wavs/XESFPEFpHt4_00002.wav
SN7wO06Yz1E_00002|wavs/SN7wO06Yz1E_00002.wav|images/SN7wO06Yz1E_00002.jpg|wavs/OIlSXRCSBSI_00002.wav
SS8TSf2srSw_00002|wavs/SS8TSf2srSw_00002.wav|images/SS8TSf2srSw_00002.jpg|wavs/GAMR5RDSLJo_00005.wav
SSzRfSJTNW4_00001|wavs/SSzRfSJTNW4_00001.wav|images/SSzRfSJTNW4_00001.jpg|wavs/jcSSY9rDN2g_00001.wav
SWiwSBLXS3k_00001|wavs/SWiwSBLXS3k_00001.wav|images/SWiwSBLXS3k_00001.jpg|wavs/8mPpe8AL21A_00001.wav
SWvJxasiSZ8_00004|wavs/SWvJxasiSZ8_00004.wav|images/SWvJxasiSZ8_00004.jpg|wavs/KxLMjn4WPBY_00001.wav
Sa27SUR0Mlo_00001|wavs/Sa27SUR0Mlo_00001.wav|images/Sa27SUR0Mlo_00001.jpg|wavs/c64M1tZyWPM_00001.wav
SaouBn7IKIo_00001|wavs/SaouBn7IKIo_00001.wav|images/SaouBn7IKIo_00001.jpg|wavs/0VJqrlH9cdI_00002.wav
Sbm98rrVZzE_00001|wavs/Sbm98rrVZzE_00001.wav|images/Sbm98rrVZzE_00001.jpg|wavs/AWPrOvzzqZk_00002.wav
Sddb0Khx0yA_00001|wavs/Sddb0Khx0yA_00001.wav|images/Sddb0Khx0yA_00001.jpg|wavs/M0SbSz5Le10_00002.wav
Sew0bn8mGAA_00002|wavs/Sew0bn8mGAA_00002.wav|images/Sew0bn8mGAA_00002.jpg|wavs/6wNif5SlN08_00005.wav
Sktdq5z1NS4_00001|wavs/Sktdq5z1NS4_00001.wav|images/Sktdq5z1NS4_00001.jpg|wavs/27lMmdmySb8_00002.wav
SmLeSPk3ddE_00001|wavs/SmLeSPk3ddE_00001.wav|images/SmLeSPk3ddE_00001.jpg|wavs/FKxaL8Iau8Q_00002.wav
SnSHsb5xKPo_00001|wavs/SnSHsb5xKPo_00001.wav|images/SnSHsb5xKPo_00001.jpg|wavs/mjDjbJJlqZ0_00001.wav
SpTGUTSFvf4_00001|wavs/SpTGUTSFvf4_00001.wav|images/SpTGUTSFvf4_00001.jpg|wavs/UAj1hsXp18c_00001.wav
SsqlpgMKjyU_00001|wavs/SsqlpgMKjyU_00001.wav|images/SsqlpgMKjyU_00001.jpg|wavs/9JKy6ZfmBn0_00001.wav
Sv5QitqbxJw_00003|wavs/Sv5QitqbxJw_00003.wav|images/Sv5QitqbxJw_00003.jpg|wavs/O3a9AYu5SUQ_00001.wav
TDaFwnOiKVE_00002|wavs/TDaFwnOiKVE_00002.wav|images/TDaFwnOiKVE_00002.jpg|wavs/7ZymFMmpOa0_00002.wav
TGZMSmcuiXM_00001|wavs/TGZMSmcuiXM_00001.wav|images/TGZMSmcuiXM_00001.jpg|wavs/XBJQENjZJaA_00001.wav
TRajLqEaWhQ_00002|wavs/TRajLqEaWhQ_00002.wav|images/TRajLqEaWhQ_00002.jpg|wavs/GZadCj8O1S0_00001.wav
TScetimMBL8_00002|wavs/TScetimMBL8_00002.wav|images/TScetimMBL8_00002.jpg|wavs/SmLeSPk3ddE_00001.wav
TUgBdSyK7S4_00001|wavs/TUgBdSyK7S4_00001.wav|images/TUgBdSyK7S4_00001.jpg|wavs/3vfuCPFb8wk_00001.wav
TUxwiVFgghE_00001|wavs/TUxwiVFgghE_00001.wav|images/TUxwiVFgghE_00001.jpg|wavs/8nt3edWLgIg_00001.wav
TVtgb153S6I_00001|wavs/TVtgb153S6I_00001.wav|images/TVtgb153S6I_00001.jpg|wavs/BhMKmovNjvc_00001.wav
U6FvJ6jMGHU_00002|wavs/U6FvJ6jMGHU_00002.wav|images/U6FvJ6jMGHU_00002.jpg|wavs/KuWXfjyGhk0_00001.wav
U6PoUg7jXsA_00001|wavs/U6PoUg7jXsA_00001.wav|images/U6PoUg7jXsA_00001.jpg|wavs/8nbeD1mwCdo_00001.wav
UAinLaT42xY_00001|wavs/UAinLaT42xY_00001.wav|images/UAinLaT42xY_00001.jpg|wavs/SFnMTHhKdkw_00004.wav
UAj1hsXp18c_00001|wavs/UAj1hsXp18c_00001.wav|images/UAj1hsXp18c_00001.jpg|wavs/FD6CqD1kV8s_00003.wav
UAq4yBdSYZs_00001|wavs/UAq4yBdSYZs_00001.wav|images/UAq4yBdSYZs_00001.jpg|wavs/SSzRfSJTNW4_00001.wav
UK8ccWSZkic_00001|wavs/UK8ccWSZkic_00001.wav|images/UK8ccWSZkic_00001.jpg|wavs/MvXZzKZ3JYQ_00001.wav
ULNPLFrTirQ_00001|wavs/ULNPLFrTirQ_00001.wav|images/ULNPLFrTirQ_00001.jpg|wavs/5Yj3nGv0kn8_00001.wav
UMhLBPPtlrY_00002|wavs/UMhLBPPtlrY_00002.wav|images/UMhLBPPtlrY_00002.jpg|wavs/QKHkSUiQboA_00003.wav
UZmXwOgNq7c_00001|wavs/UZmXwOgNq7c_00001.wav|images/UZmXwOgNq7c_00001.jpg|wavs/FFG2rilqT2g_00004.wav
UmvOgW6iV2s_00001|wavs/UmvOgW6iV2s_00001.wav|images/UmvOgW6iV2s_00001.jpg|wavs/V1yW5IsnSjo_00003.wav
Us70DN2XSfM_00001|wavs/Us70DN2XSfM_00001.wav|images/Us70DN2XSfM_00001.jpg|wavs/95ovIJ3dsNk_00003.wav
UtBsl3j0YRQ_00002|wavs/UtBsl3j0YRQ_00002.wav|images/UtBsl3j0YRQ_00002.jpg|wavs/j7fRIGphgtk_00001.wav
V1yW5IsnSjo_00001|wavs/V1yW5IsnSjo_00001.wav|images/V1yW5IsnSjo_00001.jpg|wavs/RDIy58g9n2k_00002.wav
V4sSabKqyMU_00001|wavs/V4sSabKqyMU_00001.wav|images/V4sSabKqyMU_00001.jpg|wavs/HI7zfpitZpo_00002.wav
VAJS5J21Rd0_00001|wavs/VAJS5J21Rd0_00001.wav|images/VAJS5J21Rd0_00001.jpg|wavs/bArH8r8jJ4g_00002.wav
VIgzTLDyObo_00001|wavs/VIgzTLDyObo_00001.wav|images/VIgzTLDyObo_00001.jpg|wavs/0ZfSOArXbGQ_00001.wav
VSLurJfOSiA_00001|wavs/VSLurJfOSiA_00001.wav|images/VSLurJfOSiA_00001.jpg|wavs/FmpIMt95ndU_00004.wav
VfAiNX7jn9A_00001|wavs/VfAiNX7jn9A_00001.wav|images/VfAiNX7jn9A_00001.jpg|wavs/rFpDK2KhAgw_00001.wav
VsjTVGIw4z8_00003|wavs/VsjTVGIw4z8_00003.wav|images/VsjTVGIw4z8_00003.jpg|wavs/PbgB2TaYhio_00003.wav
VxESitIllxE_00001|wavs/VxESitIllxE_00001.wav|images/VxESitIllxE_00001.jpg|wavs/LIy2oVJtJsA_00002.wav
VzyjDRSAWzE_00001|wavs/VzyjDRSAWzE_00001.wav|images/VzyjDRSAWzE_00001.jpg|wavs/NCJTV5KaJJc_00002.wav
WFCvkkDSfIU_00002|wavs/WFCvkkDSfIU_00002.wav|images/WFCvkkDSfIU_00002.jpg|wavs/HSercnrqeN4_00002.wav
WT7VMrxTPPA_00001|wavs/WT7VMrxTPPA_00001.wav|images/WT7VMrxTPPA_00001.jpg|wavs/m6X1i8khmt8_00001.wav
WTFi99e4RXU_00001|wavs/WTFi99e4RXU_00001.wav|images/WTFi99e4RXU_00001.jpg|wavs/dS8n24ZwZcQ_00001.wav
XBJQENjZJaA_00001|wavs/XBJQENjZJaA_00001.wav|images/XBJQENjZJaA_00001.jpg|wavs/HD4bpztESWw_00001.wav
XESFPEFpHt4_00001|wavs/XESFPEFpHt4_00001.wav|images/XESFPEFpHt4_00001.jpg|wavs/XBJQENjZJaA_00002.wav
XFnGhrCS3Gs_00001|wavs/XFnGhrCS3Gs_00001.wav|images/XFnGhrCS3Gs_00001.jpg|wavs/KNSRifMSSvM_00001.wav
XNbaR54Gpj4_00001|wavs/XNbaR54Gpj4_00001.wav|images/XNbaR54Gpj4_00001.jpg|wavs/9CqVYUOjHLw_00002.wav
XYNUpQrZISc_00001|wavs/XYNUpQrZISc_00001.wav|images/XYNUpQrZISc_00001.jpg|wavs/OM6XIICmSqo_00001.wav
YD5PFdghryc_00001|wavs/YD5PFdghryc_00001.wav|images/YD5PFdghryc_00001.jpg|wavs/4n8qT0vQbWk_00003.wav
YyXRYgjQXX0_00001|wavs/YyXRYgjQXX0_00001.wav|images/YyXRYgjQXX0_00001.jpg|wavs/TRajLqEaWhQ_00002.wav
YzGjO5aHShQ_00002|wavs/YzGjO5aHShQ_00002.wav|images/YzGjO5aHShQ_00002.jpg|wavs/wzkFoetpSSM_00002.wav
ZJNESMhIxQ0_00001|wavs/ZJNESMhIxQ0_00001.wav|images/ZJNESMhIxQ0_00001.jpg|wavs/UAq4yBdSYZs_00001.wav
Zd71719SG8Y_00001|wavs/Zd71719SG8Y_00001.wav|images/Zd71719SG8Y_00001.jpg|wavs/DDaldVHUedI_00002.wav
ZnCSUBmeRxw_00001|wavs/ZnCSUBmeRxw_00001.wav|images/ZnCSUBmeRxw_00001.jpg|wavs/pFDoCLf96Kg_00001.wav
Zo62S0ulqhA_00001|wavs/Zo62S0ulqhA_00001.wav|images/Zo62S0ulqhA_00001.jpg|wavs/FxtSMZKMdes_00002.wav
aSavBsX60Ss_00001|wavs/aSavBsX60Ss_00001.wav|images/aSavBsX60Ss_00001.jpg|wavs/QoT0S2vu9m4_00002.wav
akiQuyhXR8o_00001|wavs/akiQuyhXR8o_00001.wav|images/akiQuyhXR8o_00001.jpg|wavs/ooAIIeo4AJQ_00001.wav
aoGJP02CtPA_00002|wavs/aoGJP02CtPA_00002.wav|images/aoGJP02CtPA_00002.jpg|wavs/ZnCSUBmeRxw_00004.wav
aupPrDnhrKA_00001|wavs/aupPrDnhrKA_00001.wav|images/aupPrDnhrKA_00001.jpg|wavs/1L6lSFiV4xo_00002.wav
b6YTQJVzwlI_00001|wavs/b6YTQJVzwlI_00001.wav|images/b6YTQJVzwlI_00001.jpg|wavs/JSSc7hYKstI_00005.wav
bArH8r8jJ4g_00001|wavs/bArH8r8jJ4g_00001.wav|images/bArH8r8jJ4g_00001.jpg|wavs/YD5PFdghryc_00001.wav
bS6SiVz1R0o_00001|wavs/bS6SiVz1R0o_00001.wav|images/bS6SiVz1R0o_00001.jpg|wavs/5b5BDoddOLA_00001.wav
c0KYU2j0TM4_00001|wavs/c0KYU2j0TM4_00001.wav|images/c0KYU2j0TM4_00001.jpg|wavs/U6PoUg7jXsA_00002.wav
c64M1tZyWPM_00001|wavs/c64M1tZyWPM_00001.wav|images/c64M1tZyWPM_00001.jpg|wavs/4v4XxlfVk3o_00001.wav
c9V6OKlY80k_00001|wavs/c9V6OKlY80k_00001.wav|images/c9V6OKlY80k_00001.jpg|wavs/MIAS1xQc7x8_00002.wav
cHRZ6OrSvvI_00001|wavs/cHRZ6OrSvvI_00001.wav|images/cHRZ6OrSvvI_00001.jpg|wavs/BvpmZktlBFs_00002.wav
cmpu58yv8Sg_00001|wavs/cmpu58yv8Sg_00001.wav|images/cmpu58yv8Sg_00001.jpg|wavs/jggHw5PdQV0_00001.wav
d3syTrElgcg_00001|wavs/d3syTrElgcg_00001.wav|images/d3syTrElgcg_00001.jpg|wavs/2SlBiFZ85d0_00003.wav
d6NKdnZvdoo_00002|wavs/d6NKdnZvdoo_00002.wav|images/d6NKdnZvdoo_00002.jpg|wavs/GvGAIGbnX7E_00001.wav
dS8n24ZwZcQ_00001|wavs/dS8n24ZwZcQ_00001.wav|images/dS8n24ZwZcQ_00001.jpg|wavs/8VwTZFYSfvw_00002.wav
dYNc3P4jSt4_00001|wavs/dYNc3P4jSt4_00001.wav|images/dYNc3P4jSt4_00001.jpg|wavs/V4sSabKqyMU_00002.wav
ddxHlkIuHqg_00001|wavs/ddxHlkIuHqg_00001.wav|images/ddxHlkIuHqg_00001.jpg|wavs/d6NKdnZvdoo_00002.wav
eNAHVnkll5M_00001|wavs/eNAHVnkll5M_00001.wav|images/eNAHVnkll5M_00001.jpg|wavs/UtBsl3j0YRQ_00004.wav
eVFYhbHpfqU_00001|wavs/eVFYhbHpfqU_00001.wav|images/eVFYhbHpfqU_00001.jpg|wavs/CxEqV8WtfOo_00001.wav
eZj5n8ScTkI_00001|wavs/eZj5n8ScTkI_00001.wav|images/eZj5n8ScTkI_00001.jpg|wavs/7kkRkhAXZGg_00003.wav
emW1TQ290ec_00001|wavs/emW1TQ290ec_00001.wav|images/emW1TQ290ec_00001.jpg|wavs/V1yW5IsnSjo_00001.wav
eqsXcSaefKI_00001|wavs/eqsXcSaefKI_00001.wav|images/eqsXcSaefKI_00001.jpg|wavs/CgNx9Bgac1I_00002.wav
esD6aaIjhek_00001|wavs/esD6aaIjhek_00001.wav|images/esD6aaIjhek_00001.jpg|wavs/QleRgTBMX88_00002.wav
fC9da6eqaqg_00001|wavs/fC9da6eqaqg_00001.wav|images/fC9da6eqaqg_00001.jpg|wavs/mgcjr1yz7ow_00002.wav
fIICVeGW4RY_00001|wavs/fIICVeGW4RY_00001.wav|images/fIICVeGW4RY_00001.jpg|wavs/9YekkGz1E2k_00001.wav
fTSXvLzNd0o_00002|wavs/fTSXvLzNd0o_00002.wav|images/fTSXvLzNd0o_00002.jpg|wavs/PhVP1tNeGyY_00001.wav
fZ8eyWBQmfU_00001|wavs/fZ8eyWBQmfU_00001.wav|images/fZ8eyWBQmfU_00001.jpg|wavs/ClfBxWPkBKU_00001.wav
fscaRh2OtXk_00002|wavs/fscaRh2OtXk_00002.wav|images/fscaRh2OtXk_00002.jpg|wavs/rGfhahVBIQw_00001.wav
fxbCHn6gE3U_00001|wavs/fxbCHn6gE3U_00001.wav|images/fxbCHn6gE3U_00001.jpg|wavs/PYHd7rpOTe8_00001.wav
gSycQufrgK4_00001|wavs/gSycQufrgK4_00001.wav|images/gSycQufrgK4_00001.jpg|wavs/6OaIdwUdSxE_00003.wav
gVfgkFaswn4_00001|wavs/gVfgkFaswn4_00001.wav|images/gVfgkFaswn4_00001.jpg|wavs/nCg2NcGYu34_00001.wav
gtpTd3ywwiE_00001|wavs/gtpTd3ywwiE_00001.wav|images/gtpTd3ywwiE_00001.jpg|wavs/GIbz9ms9Z9k_00003.wav
hQigUH0vZSE_00001|wavs/hQigUH0vZSE_00001.wav|images/hQigUH0vZSE_00001.jpg|wavs/aoGJP02CtPA_00002.wav
hiIcwt88o94_00001|wavs/hiIcwt88o94_00001.wav|images/hiIcwt88o94_00001.jpg|wavs/PSlBlZ3hqKc_00001.wav
hxsnKwmW0dk_00002|wavs/hxsnKwmW0dk_00002.wav|images/hxsnKwmW0dk_00002.jpg|wavs/1L6lSFiV4xo_00003.wav
iPE2SiCCo0w_00001|wavs/iPE2SiCCo0w_00001.wav|images/iPE2SiCCo0w_00001.jpg|wavs/8HfoKd873HY_00001.wav
iqEHuBST2qQ_00001|wavs/iqEHuBST2qQ_00001.wav|images/iqEHuBST2qQ_00001.jpg|wavs/OzA6jRYjVQs_00001.wav
j7fRIGphgtk_00001|wavs/j7fRIGphgtk_00001.wav|images/j7fRIGphgtk_00001.jpg|wavs/c9V6OKlY80k_00001.wav
jPf0LjZAS14_00001|wavs/jPf0LjZAS14_00001.wav|images/jPf0LjZAS14_00001.jpg|wavs/FFG2rilqT2g_00003.wav
jbHpF7EySck_00001|wavs/jbHpF7EySck_00001.wav|images/jbHpF7EySck_00001.jpg|wavs/YyXRYgjQXX0_00002.wav
jcSSY9rDN2g_00001|wavs/jcSSY9rDN2g_00001.wav|images/jcSSY9rDN2g_00001.jpg|wavs/7qT3RpaBlJo_00001.wav
jcp5vvxtEaU_00001|wavs/jcp5vvxtEaU_00001.wav|images/jcp5vvxtEaU_00001.jpg|wavs/BImnT7lcLDE_00002.wav
jggHw5PdQV0_00001|wavs/jggHw5PdQV0_00001.wav|images/jggHw5PdQV0_00001.jpg|wavs/5ifMRNag2XU_00001.wav
jiUKpX09zo4_00001|wavs/jiUKpX09zo4_00001.wav|images/jiUKpX09zo4_00001.jpg|wavs/t2gbcVaZ448_00002.wav
jtVIDBs60S8_00001|wavs/jtVIDBs60S8_00001.wav|images/jtVIDBs60S8_00001.jpg|wavs/c0KYU2j0TM4_00001.wav
k2hQL9Zrokk_00001|wavs/k2hQL9Zrokk_00001.wav|images/k2hQL9Zrokk_00001.jpg|wavs/kwYxHPXIaao_00001.wav
kEKzl6fub2w_00001|wavs/kEKzl6fub2w_00001.wav|images/kEKzl6fub2w_00001.jpg|wavs/8vNIrPeRGlM_00003.wav
ka8L1YMR88U_00001|wavs/ka8L1YMR88U_00001.wav|images/ka8L1YMR88U_00001.jpg|wavs/s0YjL9rZyR0_00003.wav
kcEIsbO0ivA_00001|wavs/kcEIsbO0ivA_00001.wav|images/kcEIsbO0ivA_00001.jpg|wavs/BHY0FxzoKZE_00002.wav
kwYxHPXIaao_00001|wavs/kwYxHPXIaao_00001.wav|images/kwYxHPXIaao_00001.jpg|wavs/ZnCSUBmeRxw_00001.wav
l5vZHuAtDZA_00001|wavs/l5vZHuAtDZA_00001.wav|images/l5vZHuAtDZA_00001.jpg|wavs/gtpTd3ywwiE_00001.wav
lmyZMtPVodo_00001|wavs/lmyZMtPVodo_00001.wav|images/lmyZMtPVodo_00001.jpg|wavs/lrSmXnUoUXM_00002.wav
lrSmXnUoUXM_00002|wavs/lrSmXnUoUXM_00002.wav|images/lrSmXnUoUXM_00002.jpg|wavs/AegIbt2j0sU_00001.wav
m6X1i8khmt8_00001|wavs/m6X1i8khmt8_00001.wav|images/m6X1i8khmt8_00001.jpg|wavs/eVFYhbHpfqU_00001.wav
mSHBma0Ithk_00001|wavs/mSHBma0Ithk_00001.wav|images/mSHBma0Ithk_00001.jpg|wavs/VsjTVGIw4z8_00003.wav
mc0vhSseGk4_00001|wavs/mc0vhSseGk4_00001.wav|images/mc0vhSseGk4_00001.jpg|wavs/gSycQufrgK4_00001.wav
mgcjr1yz7ow_00002|wavs/mgcjr1yz7ow_00002.wav|images/mgcjr1yz7ow_00002.jpg|wavs/yMWlkJAqKYU_00001.wav
mjDjbJJlqZ0_00001|wavs/mjDjbJJlqZ0_00001.wav|images/mjDjbJJlqZ0_00001.jpg|wavs/JTN9Nx8VYtk_00002.wav
mxNpNuogqsY_00003|wavs/mxNpNuogqsY_00003.wav|images/mxNpNuogqsY_00003.jpg|wavs/7hQ0rgVfsP8_00002.wav
n3kNlFMXslo_00002|wavs/n3kNlFMXslo_00002.wav|images/n3kNlFMXslo_00002.jpg|wavs/27lMmdmySb8_00001.wav
nASJ0510Pxs_00002|wavs/nASJ0510Pxs_00002.wav|images/nASJ0510Pxs_00002.jpg|wavs/LIy2oVJtJsA_00003.wav
nCg2NcGYu34_00001|wavs/nCg2NcGYu34_00001.wav|images/nCg2NcGYu34_00001.jpg|wavs/QoyBYYpal1Y_00001.wav
nG3vB2CuSjM_00001|wavs/nG3vB2CuSjM_00001.wav|images/nG3vB2CuSjM_00001.jpg|wavs/TUgBdSyK7S4_00001.wav
ni4FV5zL6lM_00001|wavs/ni4FV5zL6lM_00001.wav|images/ni4FV5zL6lM_00001.jpg|wavs/9B0PaSznWJE_00002.wav
npNYP2vzaPo_00001|wavs/npNYP2vzaPo_00001.wav|images/npNYP2vzaPo_00001.jpg|wavs/fTSXvLzNd0o_00002.wav
o1Z4F4e2Bw4_00001|wavs/o1Z4F4e2Bw4_00001.wav|images/o1Z4F4e2Bw4_00001.jpg|wavs/Fivy99RtMfM_00002.wav
oDNgnrtSD8w_00001|wavs/oDNgnrtSD8w_00001.wav|images/oDNgnrtSD8w_00001.jpg|wavs/Mt0PiXLvYlU_00006.wav
oYp5XuGYqqY_00002|wavs/oYp5XuGYqqY_00002.wav|images/oYp5XuGYqqY_00002.jpg|wavs/QleRgTBMX88_00001.wav
ooAIIeo4AJQ_00001|wavs/ooAIIeo4AJQ_00001.wav|images/ooAIIeo4AJQ_00001.jpg|wavs/0Fi83BHQsMA_00004.wav
os69gEFXUW4_00001|wavs/os69gEFXUW4_00001.wav|images/os69gEFXUW4_00001.jpg|wavs/E22icGCvGXk_00001.wav
pFDoCLf96Kg_00001|wavs/pFDoCLf96Kg_00001.wav|images/pFDoCLf96Kg_00001.jpg|wavs/HiwJ0hNl1Fw_00003.wav
pnv5iKB2hl4_00001|wavs/pnv5iKB2hl4_00001.wav|images/pnv5iKB2hl4_00001.jpg|wavs/Sa27SUR0Mlo_00002.wav
psN1DORYYV0_00002|wavs/psN1DORYYV0_00002.wav|images/psN1DORYYV0_00002.jpg|wavs/JSSc7hYKstI_00006.wav
q2gO4DKVpa8_00001|wavs/q2gO4DKVpa8_00001.wav|images/q2gO4DKVpa8_00001.jpg|wavs/Zd71719SG8Y_00001.wav
qWNae7vYK6s_00001|wavs/qWNae7vYK6s_00001.wav|images/qWNae7vYK6s_00001.jpg|wavs/qsJYrwzfd6w_00004.wav
qYUmI5kGsYk_00001|wavs/qYUmI5kGsYk_00001.wav|images/qYUmI5kGsYk_00001.jpg|wavs/ka8L1YMR88U_00001.wav
qafSjNLjedo_00001|wavs/qafSjNLjedo_00001.wav|images/qafSjNLjedo_00001.jpg|wavs/2UStOghblfE_00002.wav
qlty0OPcU6k_00001|wavs/qlty0OPcU6k_00001.wav|images/qlty0OPcU6k_00001.jpg|wavs/JFQLvbVJVMg_00001.wav
qsJYrwzfd6w_00004|wavs/qsJYrwzfd6w_00004.wav|images/qsJYrwzfd6w_00004.jpg|wavs/QoT0S2vu9m4_00001.wav
rBKV4rOgSJU_00008|wavs/rBKV4rOgSJU_00008.wav|images/rBKV4rOgSJU_00008.jpg|wavs/GvGAIGbnX7E_00004.wav
rFpDK2KhAgw_00001|wavs/rFpDK2KhAgw_00001.wav|images/rFpDK2KhAgw_00001.jpg|wavs/5Knz100ldLM_00001.wav
rGfhahVBIQw_00001|wavs/rGfhahVBIQw_00001.wav|images/rGfhahVBIQw_00001.jpg|wavs/3OgsRa7VDtI_00001.wav
rP7nmdDA1Fg_00001|wavs/rP7nmdDA1Fg_00001.wav|images/rP7nmdDA1Fg_00001.jpg|wavs/SsqlpgMKjyU_00002.wav
rSSanSYZDT4_00001|wavs/rSSanSYZDT4_00001.wav|images/rSSanSYZDT4_00001.jpg|wavs/WT7VMrxTPPA_00001.wav
rZCxdbqMc2Q_00001|wavs/rZCxdbqMc2Q_00001.wav|images/rZCxdbqMc2Q_00001.jpg|wavs/Sv5QitqbxJw_00004.wav
rftagV38YKY_00001|wavs/rftagV38YKY_00001.wav|images/rftagV38YKY_00001.jpg|wavs/ROgFmb3oTLo_00001.wav
s0YjL9rZyR0_00003|wavs/s0YjL9rZyR0_00003.wav|images/s0YjL9rZyR0_00003.jpg|wavs/GSf6nijSSdA_00002.wav
s4smjT1qwZU_00002|wavs/s4smjT1qwZU_00002.wav|images/s4smjT1qwZU_00002.jpg|wavs/PaxNc5Sqn6s_00001.wav
sVtIuDKFO1c_00001|wavs/sVtIuDKFO1c_00001.wav|images/sVtIuDKFO1c_00001.jpg|wavs/3r1IPsldbBg_00002.wav
shG0ezBeeJc_00001|wavs/shG0ezBeeJc_00001.wav|images/shG0ezBeeJc_00001.jpg|wavs/eZj5n8ScTkI_00001.wav
stngBN4hp14_00001|wavs/stngBN4hp14_00001.wav|images/stngBN4hp14_00001.jpg|wavs/wG4RnDNWtJo_00001.wav
sxnlvwprfSc_00001|wavs/sxnlvwprfSc_00001.wav|images/sxnlvwprfSc_00001.jpg|wavs/zuYzOn0U2PY_00001.wav
t2gbcVaZ448_00002|wavs/t2gbcVaZ448_00002.wav|images/t2gbcVaZ448_00002.jpg|wavs/fC9da6eqaqg_00001.wav
t7Xr3AsBEK4_00001|wavs/t7Xr3AsBEK4_00001.wav|images/t7Xr3AsBEK4_00001.jpg|wavs/18uDutylDa4_00001.wav
ta2Wvy9FSgA_00001|wavs/ta2Wvy9FSgA_00001.wav|images/ta2Wvy9FSgA_00001.jpg|wavs/GMynksvCcUI_00002.wav
tbSWdVA4Sbo_00001|wavs/tbSWdVA4Sbo_00001.wav|images/tbSWdVA4Sbo_00001.jpg|wavs/DCIL2nvU4x8_00001.wav
tgSCwQwYNjc_00001|wavs/tgSCwQwYNjc_00001.wav|images/tgSCwQwYNjc_00001.jpg|wavs/F5h6ynoq8uM_00002.wav
tiSiSM3pk5M_00002|wavs/tiSiSM3pk5M_00002.wav|images/tiSiSM3pk5M_00002.jpg|wavs/rftagV38YKY_00001.wav
tzJYY2p0QIc_00001|wavs/tzJYY2p0QIc_00001.wav|images/tzJYY2p0QIc_00001.jpg|wavs/tiSiSM3pk5M_00002.wav
u4L130DkdOw_00001|wavs/u4L130DkdOw_00001.wav|images/u4L130DkdOw_00001.jpg|wavs/3r1IPsldbBg_00003.wav
uJr4wGcLNsA_00001|wavs/uJr4wGcLNsA_00001.wav|images/uJr4wGcLNsA_00001.jpg|wavs/hxsnKwmW0dk_00002.wav
uL5XUwfkxZw_00002|wavs/uL5XUwfkxZw_00002.wav|images/uL5XUwfkxZw_00002.jpg|wavs/CDsNZJTWw0w_00001.wav
uqS6T6TAu74_00001|wavs/uqS6T6TAu74_00001.wav|images/uqS6T6TAu74_00001.jpg|wavs/FqrLUtIFVjs_00001.wav
uzKBGtf0i0M_00002|wavs/uzKBGtf0i0M_00002.wav|images/uzKBGtf0i0M_00002.jpg|wavs/7nZqiPLCvM4_00001.wav
vGX3FASrQq4_00001|wavs/vGX3FASrQq4_00001.wav|images/vGX3FASrQq4_00001.jpg|wavs/aupPrDnhrKA_00001.wav
vXPJVwwEmiM_00001|wavs/vXPJVwwEmiM_00001.wav|images/vXPJVwwEmiM_00001.jpg|wavs/2SlBiFZ85d0_00002.wav
vhVWzkbAW4I_00002|wavs/vhVWzkbAW4I_00002.wav|images/vhVWzkbAW4I_00002.jpg|wavs/jiUKpX09zo4_00001.wav
w1R4F9sSoow_00001|wavs/w1R4F9sSoow_00001.wav|images/w1R4F9sSoow_00001.jpg|wavs/4AYE3w5TWHs_00004.wav
wG4RnDNWtJo_00001|wavs/wG4RnDNWtJo_00001.wav|images/wG4RnDNWtJo_00001.jpg|wavs/npNYP2vzaPo_00001.wav
wGMLhaa98GI_00001|wavs/wGMLhaa98GI_00001.wav|images/wGMLhaa98GI_00001.jpg|wavs/7OMLSs8t1ng_00002.wav
wKlMcLTqRLs_00001|wavs/wKlMcLTqRLs_00001.wav|images/wKlMcLTqRLs_00001.jpg|wavs/5b5BDoddOLA_00002.wav
wlR1ojoiue0_00001|wavs/wlR1ojoiue0_00001.wav|images/wlR1ojoiue0_00001.jpg|wavs/QeIrdqU0o9s_00004.wav
wmMrZyVANUo_00001|wavs/wmMrZyVANUo_00001.wav|images/wmMrZyVANUo_00001.jpg|wavs/SSzRfSJTNW4_00003.wav
wzkFoetpSSM_00002|wavs/wzkFoetpSSM_00002.wav|images/wzkFoetpSSM_00002.jpg|wavs/wGMLhaa98GI_00001.wav
x4m6j7rSyzY_00001|wavs/x4m6j7rSyzY_00001.wav|images/x4m6j7rSyzY_00001.jpg|wavs/SWvJxasiSZ8_00004.wav
x95nwilkaio_00001|wavs/x95nwilkaio_00001.wav|images/x95nwilkaio_00001.jpg|wavs/SE97Kgi0sR4_00002.wav
xFSCX9mAHPo_00001|wavs/xFSCX9mAHPo_00001.wav|images/xFSCX9mAHPo_00001.jpg|wavs/RplnSVTzvnU_00002.wav
xTkKSJSqUSI_00004|wavs/xTkKSJSqUSI_00004.wav|images/xTkKSJSqUSI_00004.jpg|wavs/SN7wO06Yz1E_00003.wav
xkFTZcUPjBg_00001|wavs/xkFTZcUPjBg_00001.wav|images/xkFTZcUPjBg_00001.jpg|wavs/OIlSXRCSBSI_00001.wav
xlUPlxSpDRo_00001|wavs/xlUPlxSpDRo_00001.wav|images/xlUPlxSpDRo_00001.jpg|wavs/8GQZuzIdeQQ_00004.wav
xukDIWFMU9Y_00002|wavs/xukDIWFMU9Y_00002.wav|images/xukDIWFMU9Y_00002.jpg|wavs/SE97Kgi0sR4_00001.wav
y1KIVZw7Jxk_00003|wavs/y1KIVZw7Jxk_00003.wav|images/y1KIVZw7Jxk_00003.jpg|wavs/1PNX6MSdVsk_00001.wav
y6MC4iXhT6I_00001|wavs/y6MC4iXhT6I_00001.wav|images/y6MC4iXhT6I_00001.jpg|wavs/rZCxdbqMc2Q_00001.wav
yMWlkJAqKYU_00001|wavs/yMWlkJAqKYU_00001.wav|images/yMWlkJAqKYU_00001.jpg|wavs/8Z24LCysq3A_00001.wav
yNhu0MGS2MA_00001|wavs/yNhu0MGS2MA_00001.wav|images/yNhu0MGS2MA_00001.jpg|wavs/U6FvJ6jMGHU_00003.wav
yeVz0rtXCmw_00001|wavs/yeVz0rtXCmw_00001.wav|images/yeVz0rtXCmw_00001.jpg|wavs/NL0uxDscjdo_00001.wav
zL2FOrx41N0_00001|wavs/zL2FOrx41N0_00001.wav|images/zL2FOrx41N0_00001.jpg|wavs/NqOjj1FCcVY_00003.wav
zMGE3mbS9NY_00001|wavs/zMGE3mbS9NY_00001.wav|images/zMGE3mbS9NY_00001.jpg|wavs/O6Vayv9FCLM_00002.wav
zuYzOn0U2PY_00001|wavs/zuYzOn0U2PY_00001.wav|images/zuYzOn0U2PY_00001.jpg|wavs/OM6XIICmSqo_00002.wav
0Fi83BHQsMA_00004|wavs/0Fi83BHQsMA_00004.wav|images/0Fi83BHQsMA_00004.jpg|wavs/bArH8r8jJ4g_00001.wav
0VJqrlH9cdI_00002|wavs/0VJqrlH9cdI_00002.wav|images/0VJqrlH9cdI_00002.jpg|wavs/1US4jjWtua8_00002.wav
0ZfSOArXbGQ_00002|wavs/0ZfSOArXbGQ_00002.wav|images/0ZfSOArXbGQ_00002.jpg|wavs/4AYE3w5TWHs_00005.wav
0gks6ceq4eQ_00005|wavs/0gks6ceq4eQ_00005.wav|images/0gks6ceq4eQ_00005.jpg|wavs/RiM5aSvaNkg_00002.wav
18uDutylDa4_00002|wavs/18uDutylDa4_00002.wav|images/18uDutylDa4_00002.jpg|wavs/iPE2SiCCo0w_00001.wav
1L6lSFiV4xo_00003|wavs/1L6lSFiV4xo_00003.wav|images/1L6lSFiV4xo_00003.jpg|wavs/4Q2aznfmcYU_00002.wav
1PNX6MSdVsk_00005|wavs/1PNX6MSdVsk_00005.wav|images/1PNX6MSdVsk_00005.jpg|wavs/DOgsYATbVSs_00003.wav
1US4jjWtua8_00002|wavs/1US4jjWtua8_00002.wav|images/1US4jjWtua8_00002.jpg|wavs/jtVIDBs60S8_00001.wav
1bnzVjOJ6NM_00004|wavs/1bnzVjOJ6NM_00004.wav|images/1bnzVjOJ6NM_00004.jpg|wavs/KvvjDOtS2sw_00005.wav
27lMmdmySb8_00002|wavs/27lMmdmySb8_00002.wav|images/27lMmdmySb8_00002.jpg|wavs/qYUmI5kGsYk_00001.wav
2SlBiFZ85d0_00003|wavs/2SlBiFZ85d0_00003.wav|images/2SlBiFZ85d0_00003.jpg|wavs/1K5SycZjGhI_00001.wav
2UStOghblfE_00002|wavs/2UStOghblfE_00002.wav|images/2UStOghblfE_00002.jpg|wavs/Bs86giWcjLA_00002.wav
3OgsRa7VDtI_00003|wavs/3OgsRa7VDtI_00003.wav|images/3OgsRa7VDtI_00003.jpg|wavs/FcmSmAwPkxg_00001.wav
3r1IPsldbBg_00003|wavs/3r1IPsldbBg_00003.wav|images/3r1IPsldbBg_00003.jpg|wavs/TUxwiVFgghE_00001.wav
3uSQlcGCHUU_00006|wavs/3uSQlcGCHUU_00006.wav|images/3uSQlcGCHUU_00006.jpg|wavs/3nSEitPb7BU_00001.wav
48xS00Iy0ac_00003|wavs/48xS00Iy0ac_00003.wav|images/48xS00Iy0ac_00003.jpg|wavs/8GQZuzIdeQQ_00001.wav
4AYE3w5TWHs_00005|wavs/4AYE3w5TWHs_00005.wav|images/4AYE3w5TWHs_00005.jpg|wavs/Ht2fzax9wV0_00001.wav
4Q2aznfmcYU_00002|wavs/4Q2aznfmcYU_00002.wav|images/4Q2aznfmcYU_00002.jpg|wavs/Bs86giWcjLA_00001.wav
4n8qT0vQbWk_00003|wavs/4n8qT0vQbWk_00003.wav|images/4n8qT0vQbWk_00003.jpg|wavs/KuWXfjyGhk0_00004.wav
5P04stEjJ9E_00004|wavs/5P04stEjJ9E_00004.wav|images/5P04stEjJ9E_00004.jpg|wavs/6ra1MIKlYB0_00002.wav
5Yj3nGv0kn8_00002|wavs/5Yj3nGv0kn8_00002.wav|images/5Yj3nGv0kn8_00002.jpg|wavs/9kBKQS7J7xI_00002.wav
5b5BDoddOLA_00002|wavs/5b5BDoddOLA_00002.wav|images/5b5BDoddOLA_00002.jpg|wavs/J8FyHI00ELY_00002.wav
66koScWSHBU_00003|wavs/66koScWSHBU_00003.wav|images/66koScWSHBU_00003.jpg|wavs/HiwJ0hNl1Fw_00002.wav
6Waurx8eS1o_00003|wavs/6Waurx8eS1o_00003.wav|images/6Waurx8eS1o_00003.jpg|wavs/k2hQL9Zrokk_00001.wav
6wNif5SlN08_00005|wavs/6wNif5SlN08_00005.wav|images/6wNif5SlN08_00005.jpg|wavs/TVtgb153S6I_00002.wav
7OMLSs8t1ng_00002|wavs/7OMLSs8t1ng_00002.wav|images/7OMLSs8t1ng_00002.jpg|wavs/Li4S1yyrsTI_00003.wav
7ZymFMmpOa0_00005|wavs/7ZymFMmpOa0_00005.wav|images/7ZymFMmpOa0_00005.jpg|wavs/66koScWSHBU_00003.wav
7gkdzkVbuVA_00003|wavs/7gkdzkVbuVA_00003.wav|images/7gkdzkVbuVA_00003.jpg|wavs/1PNX6MSdVsk_00005.wav
7hQ0rgVfsP8_00002|wavs/7hQ0rgVfsP8_00002.wav|images/7hQ0rgVfsP8_00002.jpg|wavs/zL2FOrx41N0_00001.wav
7kkRkhAXZGg_00004|wavs/7kkRkhAXZGg_00004.wav|images/7kkRkhAXZGg_00004.jpg|wavs/xkFTZcUPjBg_00001.wav
7qT3RpaBlJo_00002|wavs/7qT3RpaBlJo_00002.wav|images/7qT3RpaBlJo_00002.jpg|wavs/JHk9YVjhk7c_00001.wav
81Ub0SMxZQo_00002|wavs/81Ub0SMxZQo_00002.wav|images/81Ub0SMxZQo_00002.jpg|wavs/oDNgnrtSD8w_00001.wav
87AEeLpodnE_00002|wavs/87AEeLpodnE_00002.wav|images/87AEeLpodnE_00002.jpg|wavs/RE4ce4mexrU_00004.wav
8GQZuzIdeQQ_00004|wavs/8GQZuzIdeQQ_00004.wav|images/8GQZuzIdeQQ_00004.jpg|wavs/WT7VMrxTPPA_00003.wav
8VwTZFYSfvw_00002|wavs/8VwTZFYSfvw_00002.wav|images/8VwTZFYSfvw_00002.jpg|wavs/KxLMjn4WPBY_00002.wav
8iSpNVj5KMw_00002|wavs/8iSpNVj5KMw_00002.wav|images/8iSpNVj5KMw_00002.jpg|wavs/Us70DN2XSfM_00002.wav
8nt3edWLgIg_00003|wavs/8nt3edWLgIg_00003.wav|images/8nt3edWLgIg_00003.jpg|wavs/vhVWzkbAW4I_00002.wav
8vNIrPeRGlM_00003|wavs/8vNIrPeRGlM_00003.wav|images/8vNIrPeRGlM_00003.jpg|wavs/GMynksvCcUI_00001.wav
95ovIJ3dsNk_00003|wavs/95ovIJ3dsNk_00003.wav|images/95ovIJ3dsNk_00003.jpg|wavs/OzA6jRYjVQs_00003.wav
9JKy6ZfmBn0_00002|wavs/9JKy6ZfmBn0_00002.wav|images/9JKy6ZfmBn0_00002.jpg|wavs/stngBN4hp14_00001.wav
9RMx31GnNXY_00002|wavs/9RMx31GnNXY_00002.wav|images/9RMx31GnNXY_00002.jpg|wavs/Hj9oB4zpHww_00001.wav
9YekkGz1E2k_00002|wavs/9YekkGz1E2k_00002.wav|images/9YekkGz1E2k_00002.jpg|wavs/VzyjDRSAWzE_00002.wav
9kBKQS7J7xI_00002|wavs/9kBKQS7J7xI_00002.wav|images/9kBKQS7J7xI_00002.jpg|wavs/Rw9s0ivfn3w_00001.wav
9uOMectkCCs_00002|wavs/9uOMectkCCs_00002.wav|images/9uOMectkCCs_00002.jpg|wavs/rP7nmdDA1Fg_00001.wav
AO4In7d6XSc_00002|wavs/AO4In7d6XSc_00002.wav|images/AO4In7d6XSc_00002.jpg|wavs/M6TMSQWI9m4_00001.wav
AsSd2nmoKNA_00002|wavs/AsSd2nmoKNA_00002.wav|images/AsSd2nmoKNA_00002.jpg|wavs/ORthzIOEf30_00001.wav
BHY0FxzoKZE_00003|wavs/BHY0FxzoKZE_00003.wav|images/BHY0FxzoKZE_00003.jpg|wavs/LEx6K4P4GJc_00003.wav
BImnT7lcLDE_00002|wavs/BImnT7lcLDE_00002.wav|images/BImnT7lcLDE_00002.jpg|wavs/VAJS5J21Rd0_00001.wav
Bo8YN3oB0Cw_00003|wavs/Bo8YN3oB0Cw_00003.wav|images/Bo8YN3oB0Cw_00003.jpg|wavs/aupPrDnhrKA_00002.wav
Bs86giWcjLA_00002|wavs/Bs86giWcjLA_00002.wav|images/Bs86giWcjLA_00002.jpg|wavs/IPBCxlxSSVk_00001.wav
BzeTjn0R2VY_00003|wavs/BzeTjn0R2VY_00003.wav|images/BzeTjn0R2VY_00003.jpg|wavs/SsqlpgMKjyU_00001.wav
CgNx9Bgac1I_00003|wavs/CgNx9Bgac1I_00003.wav|images/CgNx9Bgac1I_00003.jpg|wavs/4ErEBkjS3PY_00001.wav
ClfBxWPkBKU_00003|wavs/ClfBxWPkBKU_00003.wav|images/ClfBxWPkBKU_00003.jpg|wavs/jcp5vvxtEaU_00001.wav
DDaldVHUedI_00003|wavs/DDaldVHUedI_00003.wav|images/DDaldVHUedI_00003.jpg|wavs/ROgFmb3oTLo_00002.wav
DOgsYATbVSs_00003|wavs/DOgsYATbVSs_00003.wav|images/DOgsYATbVSs_00003.jpg|wavs/55yGmKc6WfE_00001.wav
DjeIpjhAqsM_00003|wavs/DjeIpjhAqsM_00003.wav|images/DjeIpjhAqsM_00003.jpg|wavs/81Ub0SMxZQo_00002.wav
E0oPnS7rUwE_00002|wavs/E0oPnS7rUwE_00002.wav|images/E0oPnS7rUwE_00002.jpg|wavs/0VJqrlH9cdI_00001.wav
E22icGCvGXk_00004|wavs/E22icGCvGXk_00004.wav|images/E22icGCvGXk_00004.jpg|wavs/RlQ3CSVanaU_00001.wav
EV3OmxrowWE_00003|wavs/EV3OmxrowWE_00003.wav|images/EV3OmxrowWE_00003.jpg|wavs/fscaRh2OtXk_00002.wav
F3OhcpKSUBc_00004|wavs/F3OhcpKSUBc_00004.wav|images/F3OhcpKSUBc_00004.jpg|wavs/x95nwilkaio_00001.wav
F5h6ynoq8uM_00002|wavs/F5h6ynoq8uM_00002.wav|images/F5h6ynoq8uM_00002.jpg|wavs/kEKzl6fub2w_00001.wav
FD6CqD1kV8s_00003|wavs/FD6CqD1kV8s_00003.wav|images/FD6CqD1kV8s_00003.jpg|wavs/D8SSLLnV3W8_00001.wav
FFG2rilqT2g_00004|wavs/FFG2rilqT2g_00004.wav|images/FFG2rilqT2g_00004.jpg|wavs/UMhLBPPtlrY_00004.wav
FKxaL8Iau8Q_00002|wavs/FKxaL8Iau8Q_00002.wav|images/FKxaL8Iau8Q_00002.jpg|wavs/FD6CqD1kV8s_00001.wav
FcmSmAwPkxg_00005|wavs/FcmSmAwPkxg_00005.wav|images/FcmSmAwPkxg_00005.jpg|wavs/NA7krbsdXFA_00002.wav
FmpIMt95ndU_00004|wavs/FmpIMt95ndU_00004.wav|images/FmpIMt95ndU_00004.jpg|wavs/HqekWfSJCSA_00002.wav
FqrLUtIFVjs_00002|wavs/FqrLUtIFVjs_00002.wav|images/FqrLUtIFVjs_00002.jpg|wavs/KPNn880KWfU_00003.wav
FxtSMZKMdes_00004|wavs/FxtSMZKMdes_00004.wav|images/FxtSMZKMdes_00004.jpg|wavs/SN7wO06Yz1E_00002.wav
GAMR5RDSLJo_00006|wavs/GAMR5RDSLJo_00006.wav|images/GAMR5RDSLJo_00006.jpg|wavs/1bnzVjOJ6NM_00001.wav
GGScU5ESei4_00004|wavs/GGScU5ESei4_00004.wav|images/GGScU5ESei4_00004.jpg|wavs/VfAiNX7jn9A_00004.wav
GIbz9ms9Z9k_00003|wavs/GIbz9ms9Z9k_00003.wav|images/GIbz9ms9Z9k_00003.jpg|wavs/RDSSLJG7oi8_00001.wav
GMynksvCcUI_00002|wavs/GMynksvCcUI_00002.wav|images/GMynksvCcUI_00002.jpg|wavs/AsSd2nmoKNA_00001.wav
GSf6nijSSdA_00003|wavs/GSf6nijSSdA_00003.wav|images/GSf6nijSSdA_00003.jpg|wavs/eqsXcSaefKI_00001.wav
Gmai4zkKNcM_00002|wavs/Gmai4zkKNcM_00002.wav|images/Gmai4zkKNcM_00002.jpg|wavs/Li4S1yyrsTI_00001.wav
GvGAIGbnX7E_00004|wavs/GvGAIGbnX7E_00004.wav|images/GvGAIGbnX7E_00004.jpg|wavs/zMGE3mbS9NY_00001.wav
H14bBuluwB8_00002|wavs/H14bBuluwB8_00002.wav|images/H14bBuluwB8_00002.jpg|wavs/6wNif5SlN08_00001.wav
HSercnrqeN4_00002|wavs/HSercnrqeN4_00002.wav|images/HSercnrqeN4_00002.jpg|wavs/87AEeLpodnE_00001.wav
HUM2rCIUdeI_00003|wavs/HUM2rCIUdeI_00003.wav|images/HUM2rCIUdeI_00003.jpg|wavs/xTkKSJSqUSI_00004.wav
HdwOlk6HIVc_00002|wavs/HdwOlk6HIVc_00002.wav|images/HdwOlk6HIVc_00002.jpg|wavs/IjbTiRbeNpM_00001.wav
HiwJ0hNl1Fw_00003|wavs/HiwJ0hNl1Fw_00003.wav|images/HiwJ0hNl1Fw_00003.jpg|wavs/SaouBn7IKIo_00001.wav
Hj9oB4zpHww_00003|wavs/Hj9oB4zpHww_00003.wav|images/Hj9oB4zpHww_00003.jpg|wavs/4Q2aznfmcYU_00001.wav
Ht2fzax9wV0_00002|wavs/Ht2fzax9wV0_00002.wav|images/Ht2fzax9wV0_00002.jpg|wavs/d3syTrElgcg_00001.wav
IS4IK8CiLg8_00002|wavs/IS4IK8CiLg8_00002.wav|images/IS4IK8CiLg8_00002.jpg|wavs/GSf6nijSSdA_00003.wav
IWdzrZdRa38_00004|wavs/IWdzrZdRa38_00004.wav|images/IWdzrZdRa38_00004.jpg|wavs/8UhqkX2VAmo_00001.wav
IjbTiRbeNpM_00002|wavs/IjbTiRbeNpM_00002.wav|images/IjbTiRbeNpM_00002.jpg|wavs/3uSQlcGCHUU_00001.wav
Ip2SQa50uBI_00003|wavs/Ip2SQa50uBI_00003.wav|images/Ip2SQa50uBI_00003.jpg|wavs/Bo8YN3oB0Cw_00002.wav
J8FyHI00ELY_00002|wavs/J8FyHI00ELY_00002.wav|images/J8FyHI00ELY_00002.jpg|wavs/LEx6K4P4GJc_00001.wav
JFQLvbVJVMg_00003|wavs/JFQLvbVJVMg_00003.wav|images/JFQLvbVJVMg_00003.jpg|wavs/TDaFwnOiKVE_00002.wav
JSSc7hYKstI_00006|wavs/JSSc7hYKstI_00006.wav|images/JSSc7hYKstI_00006.jpg|wavs/eNAHVnkll5M_00001.wav
Jm2dWbNsnZI_00002|wavs/Jm2dWbNsnZI_00002.wav|images/Jm2dWbNsnZI_00002.jpg|wavs/ClfBxWPkBKU_00003.wav
KPNn880KWfU_00005|wavs/KPNn880KWfU_00005.wav|images/KPNn880KWfU_00005.jpg|wavs/F3OhcpKSUBc_00004.wav
KuWXfjyGhk0_00004|wavs/KuWXfjyGhk0_00004.wav|images/KuWXfjyGhk0_00004.jpg|wavs/AO4In7d6XSc_00001.wav
KvvjDOtS2sw_00006|wavs/KvvjDOtS2sw_00006.wav|images/KvvjDOtS2sw_00006.jpg|wavs/HUM2rCIUdeI_00003.wav
KxLMjn4WPBY_00002|wavs/KxLMjn4WPBY_00002.wav|images/KxLMjn4WPBY_00002.jpg|wavs/Bo8YN3oB0Cw_00003.wav
LEx6K4P4GJc_00003|wavs/LEx6K4P4GJc_00003.wav|images/LEx6K4P4GJc_00003.jpg|wavs/UmvOgW6iV2s_00002.wav
LIckScLypGA_00002|wavs/LIckScLypGA_00002.wav|images/LIckScLypGA_00002.jpg|wavs/IS4IK8CiLg8_00001.wav
LIy2oVJtJsA_00003|wavs/LIy2oVJtJsA_00003.wav|images/LIy2oVJtJsA_00003.jpg|wavs/SpTGUTSFvf4_00001.wav
LYCKzpXEW6E_00002|wavs/LYCKzpXEW6E_00002.wav|images/LYCKzpXEW6E_00002.jpg|wavs/KPNn880KWfU_00005.wav
Li4S1yyrsTI_00003|wavs/Li4S1yyrsTI_00003.wav|images/Li4S1yyrsTI_00003.jpg|wavs/DDaldVHUedI_00003.wav
LiUClSItcy0_00004|wavs/LiUClSItcy0_00004.wav|images/LiUClSItcy0_00004.jpg|wavs/LujWrkYsl64_00002.wav
MNuOmTQdFjA_00002|wavs/MNuOmTQdFjA_00002.wav|images/MNuOmTQdFjA_00002.jpg|wavs/wKlMcLTqRLs_00001.wav
MsLuQM5V3FA_00002|wavs/MsLuQM5V3FA_00002.wav|images/MsLuQM5V3FA_00002.jpg|wavs/NqOjj1FCcVY_00001.wav
Mt0PiXLvYlU_00006|wavs/Mt0PiXLvYlU_00006.wav|images/Mt0PiXLvYlU_00006.jpg|wavs/Q6U69HbAF9Y_00002.wav
NA7krbsdXFA_00003|wavs/NA7krbsdXFA_00003.wav|images/NA7krbsdXFA_00003.jpg|wavs/TDaFwnOiKVE_00003.wav
NCJTV5KaJJc_00002|wavs/NCJTV5KaJJc_00002.wav|images/NCJTV5KaJJc_00002.jpg|wavs/1bnzVjOJ6NM_00004.wav
NL0uxDscjdo_00004|wavs/NL0uxDscjdo_00004.wav|images/NL0uxDscjdo_00004.jpg|wavs/7ZymFMmpOa0_00005.wav
NYKcOFQCeno_00003|wavs/NYKcOFQCeno_00003.wav|images/NYKcOFQCeno_00003.jpg|wavs/LpROaNue9GM_00001.wav
NoCOagL69Ss_00002|wavs/NoCOagL69Ss_00002.wav|images/NoCOagL69Ss_00002.jpg|wavs/6Waurx8eS1o_00001.wav
NqOjj1FCcVY_00003|wavs/NqOjj1FCcVY_00003.wav|images/NqOjj1FCcVY_00003.jpg|wavs/TScetimMBL8_00002.wav
O0JDDyqtSVY_00002|wavs/O0JDDyqtSVY_00002.wav|images/O0JDDyqtSVY_00002.jpg|wavs/QKHkSUiQboA_00004.wav
O6Vayv9FCLM_00002|wavs/O6Vayv9FCLM_00002.wav|images/O6Vayv9FCLM_00002.jpg|wavs/8K9Gg164Bsw_00001.wav
OIlSXRCSBSI_00002|wavs/OIlSXRCSBSI_00002.wav|images/OIlSXRCSBSI_00002.jpg|wavs/UK8ccWSZkic_00001.wav
OM6XIICmSqo_00002|wavs/OM6XIICmSqo_00002.wav|images/OM6XIICmSqo_00002.jpg|wavs/tbSWdVA4Sbo_00001.wav
ONM4JupBzSE_00003|wavs/ONM4JupBzSE_00003.wav|images/ONM4JupBzSE_00003.jpg|wavs/xFSCX9mAHPo_00001.wav
OYfoGTIG7pY_00002|wavs/OYfoGTIG7pY_00002.wav|images/OYfoGTIG7pY_00002.jpg|wavs/os69gEFXUW4_00001.wav
Ok6LbV6bqaE_00003|wavs/Ok6LbV6bqaE_00003.wav|images/Ok6LbV6bqaE_00003.jpg|wavs/UAinLaT42xY_00001.wav
OwgWkUIm9Gc_00004|wavs/OwgWkUIm9Gc_00004.wav|images/OwgWkUIm9Gc_00004.jpg|wavs/7gXq1ml6B1E_00001.wav
OzA6jRYjVQs_00003|wavs/OzA6jRYjVQs_00003.wav|images/OzA6jRYjVQs_00003.jpg|wavs/F5h6ynoq8uM_00001.wav
PSlBlZ3hqKc_00004|wavs/PSlBlZ3hqKc_00004.wav|images/PSlBlZ3hqKc_00004.jpg|wavs/y1KIVZw7Jxk_00003.wav
PYHd7rpOTe8_00002|wavs/PYHd7rpOTe8_00002.wav|images/PYHd7rpOTe8_00002.jpg|wavs/LIckScLypGA_00001.wav
PbgB2TaYhio_00003|wavs/PbgB2TaYhio_00003.wav|images/PbgB2TaYhio_00003.jpg|wavs/Jc9RdbHEFa0_00001.wav
PrK0CifulU0_00004|wavs/PrK0CifulU0_00004.wav|images/PrK0CifulU0_00004.jpg|wavs/H14bBuluwB8_00002.wav
QKHkSUiQboA_00004|wavs/QKHkSUiQboA_00004.wav|images/QKHkSUiQboA_00004.jpg|wavs/DjeIpjhAqsM_00002.wav
QeIrdqU0o9s_00004|wavs/QeIrdqU0o9s_00004.wav|images/QeIrdqU0o9s_00004.jpg|wavs/Ht2fzax9wV0_00002.wav
QleRgTBMX88_00002|wavs/QleRgTBMX88_00002.wav|images/QleRgTBMX88_00002.jpg|wavs/PYHd7rpOTe8_00002.wav
QoT0S2vu9m4_00002|wavs/QoT0S2vu9m4_00002.wav|images/QoT0S2vu9m4_00002.jpg|wavs/GGScU5ESei4_00001.wav
RAR4cz9wkUk_00002|wavs/RAR4cz9wkUk_00002.wav|images/RAR4cz9wkUk_00002.jpg|wavs/LiUClSItcy0_00001.wav
RD07GkmM2fc_00004|wavs/RD07GkmM2fc_00004.wav|images/RD07GkmM2fc_00004.jpg|wavs/Ok6LbV6bqaE_00003.wav
RE4ce4mexrU_00004|wavs/RE4ce4mexrU_00004.wav|images/RE4ce4mexrU_00004.jpg|wavs/AMVgX8cXsHA_00002.wav
ROgFmb3oTLo_00002|wavs/ROgFmb3oTLo_00002.wav|images/ROgFmb3oTLo_00002.jpg|wavs/ONM4JupBzSE_00003.wav
RaSlxoAUP5c_00003|wavs/RaSlxoAUP5c_00003.wav|images/RaSlxoAUP5c_00003.jpg|wavs/Ip2SQa50uBI_00001.wav
RiM5aSvaNkg_00002|wavs/RiM5aSvaNkg_00002.wav|images/RiM5aSvaNkg_00002.jpg|wavs/LiUClSItcy0_00004.wav
RplnSVTzvnU_00002|wavs/RplnSVTzvnU_00002.wav|images/RplnSVTzvnU_00002.jpg|wavs/HSercnrqeN4_00001.wav
S2Dj9M71JAc_00006|wavs/S2Dj9M71JAc_00006.wav|images/S2Dj9M71JAc_00006.jpg|wavs/XESFPEFpHt4_00001.wav
S6ufvYWTqQ0_00005|wavs/S6ufvYWTqQ0_00005.wav|images/S6ufvYWTqQ0_00005.jpg|wavs/0ZfSOArXbGQ_00002.wav
SE97Kgi0sR4_00002|wavs/SE97Kgi0sR4_00002.wav|images/SE97Kgi0sR4_00002.jpg|wavs/Sddb0Khx0yA_00001.wav
SFnMTHhKdkw_00004|wavs/SFnMTHhKdkw_00004.wav|images/SFnMTHhKdkw_00004.jpg|wavs/RD07GkmM2fc_00004.wav
SN7wO06Yz1E_00003|wavs/SN7wO06Yz1E_00003.wav|images/SN7wO06Yz1E_00003.jpg|wavs/9TPFLHvn024_00002.wav
SS8TSf2srSw_00003|wavs/SS8TSf2srSw_00003.wav|images/SS8TSf2srSw_00003.jpg|wavs/dYNc3P4jSt4_00001.wav
SSzRfSJTNW4_00003|wavs/SSzRfSJTNW4_00003.wav|images/SSzRfSJTNW4_00003.jpg|wavs/x4m6j7rSyzY_00001.wav
SWiwSBLXS3k_00002|wavs/SWiwSBLXS3k_00002.wav|images/SWiwSBLXS3k_00002.jpg|wavs/BQZKs75RMqM_00001.wav
SWvJxasiSZ8_00005|wavs/SWvJxasiSZ8_00005.wav|images/SWvJxasiSZ8_00005.jpg|wavs/UtBsl3j0YRQ_00002.wav
Sa27SUR0Mlo_00002|wavs/Sa27SUR0Mlo_00002.wav|images/Sa27SUR0Mlo_00002.jpg|wavs/FKxaL8Iau8Q_00001.wav
SaouBn7IKIo_00002|wavs/SaouBn7IKIo_00002.wav|images/SaouBn7IKIo_00002.jpg|wavs/Gmai4zkKNcM_00001.wav
Sew0bn8mGAA_00004|wavs/Sew0bn8mGAA_00004.wav|images/Sew0bn8mGAA_00004.jpg|wavs/jbHpF7EySck_00001.wav
SnSHsb5xKPo_00002|wavs/SnSHsb5xKPo_00002.wav|images/SnSHsb5xKPo_00002.jpg|wavs/PrK0CifulU0_00003.wav
SpTGUTSFvf4_00003|wavs/SpTGUTSFvf4_00003.wav|images/SpTGUTSFvf4_00003.jpg|wavs/WTFi99e4RXU_00001.wav
SsqlpgMKjyU_00002|wavs/SsqlpgMKjyU_00002.wav|images/SsqlpgMKjyU_00002.jpg|wavs/u4L130DkdOw_00001.wav
Sv5QitqbxJw_00004|wavs/Sv5QitqbxJw_00004.wav|images/Sv5QitqbxJw_00004.jpg|wavs/9RMx31GnNXY_00001.wav
TDaFwnOiKVE_00003|wavs/TDaFwnOiKVE_00003.wav|images/TDaFwnOiKVE_00003.jpg|wavs/cmpu58yv8Sg_00001.wav
TGZMSmcuiXM_00002|wavs/TGZMSmcuiXM_00002.wav|images/TGZMSmcuiXM_00002.jpg|wavs/O0JDDyqtSVY_00002.wav
TScetimMBL8_00003|wavs/TScetimMBL8_00003.wav|images/TScetimMBL8_00003.jpg|wavs/Hj9oB4zpHww_00003.wav
TVtgb153S6I_00002|wavs/TVtgb153S6I_00002.wav|images/TVtgb153S6I_00002.jpg|wavs/XNbaR54Gpj4_00001.wav
U6FvJ6jMGHU_00003|wavs/U6FvJ6jMGHU_00003.wav|images/U6FvJ6jMGHU_00003.jpg|wavs/E0oPnS7rUwE_00001.wav
U6PoUg7jXsA_00002|wavs/U6PoUg7jXsA_00002.wav|images/U6PoUg7jXsA_00002.jpg|wavs/SpTGUTSFvf4_00003.wav
UAj1hsXp18c_00003|wavs/UAj1hsXp18c_00003.wav|images/UAj1hsXp18c_00003.jpg|wavs/TGZMSmcuiXM_00001.wav
UAq4yBdSYZs_00002|wavs/UAq4yBdSYZs_00002.wav|images/UAq4yBdSYZs_00002.jpg|wavs/8nt3edWLgIg_00003.wav
UMhLBPPtlrY_00004|wavs/UMhLBPPtlrY_00004.wav|images/UMhLBPPtlrY_00004.jpg|wavs/95ovIJ3dsNk_00002.wav
UZmXwOgNq7c_00002|wavs/UZmXwOgNq7c_00002.wav|images/UZmXwOgNq7c_00002.jpg|wavs/IS4IK8CiLg8_00002.wav
UmvOgW6iV2s_00002|wavs/UmvOgW6iV2s_00002.wav|images/UmvOgW6iV2s_00002.jpg|wavs/akiQuyhXR8o_00002.wav
Us70DN2XSfM_00002|wavs/Us70DN2XSfM_00002.wav|images/Us70DN2XSfM_00002.jpg|wavs/LjAsM1vAhW0_00001.wav
UtBsl3j0YRQ_00004|wavs/UtBsl3j0YRQ_00004.wav|images/UtBsl3j0YRQ_00004.jpg|wavs/FqrLUtIFVjs_00002.wav
V1yW5IsnSjo_00003|wavs/V1yW5IsnSjo_00003.wav|images/V1yW5IsnSjo_00003.jpg|wavs/b6YTQJVzwlI_00001.wav
V4sSabKqyMU_00002|wavs/V4sSabKqyMU_00002.wav|images/V4sSabKqyMU_00002.jpg|wavs/6Waurx8eS1o_00003.wav
VAJS5J21Rd0_00003|wavs/VAJS5J21Rd0_00003.wav|images/VAJS5J21Rd0_00003.jpg|wavs/MsLuQM5V3FA_00001.wav
VIgzTLDyObo_00002|wavs/VIgzTLDyObo_00002.wav|images/VIgzTLDyObo_00002.jpg|wavs/GGScU5ESei4_00004.wav
VSLurJfOSiA_00002|wavs/VSLurJfOSiA_00002.wav|images/VSLurJfOSiA_00002.jpg|wavs/YyXRYgjQXX0_00001.wav
VfAiNX7jn9A_00004|wavs/VfAiNX7jn9A_00004.wav|images/VfAiNX7jn9A_00004.jpg|wavs/VIgzTLDyObo_00001.wav
VsjTVGIw4z8_00005|wavs/VsjTVGIw4z8_00005.wav|images/VsjTVGIw4z8_00005.jpg|wavs/Gmai4zkKNcM_00002.wav
VxESitIllxE_00002|wavs/VxESitIllxE_00002.wav|images/VxESitIllxE_00002.jpg|wavs/9RMx31GnNXY_00002.wav
VzyjDRSAWzE_00002|wavs/VzyjDRSAWzE_00002.wav|images/VzyjDRSAWzE_00002.jpg|wavs/5riPKdpuoiI_00002.wav
WFCvkkDSfIU_00003|wavs/WFCvkkDSfIU_00003.wav|images/WFCvkkDSfIU_00003.jpg|wavs/esD6aaIjhek_00001.wav
WT7VMrxTPPA_00003|wavs/WT7VMrxTPPA_00003.wav|images/WT7VMrxTPPA_00003.jpg|wavs/sVtIuDKFO1c_00001.wav
XBJQENjZJaA_00002|wavs/XBJQENjZJaA_00002.wav|images/XBJQENjZJaA_00002.jpg|wavs/S2Dj9M71JAc_00003.wav
XESFPEFpHt4_00002|wavs/XESFPEFpHt4_00002.wav|images/XESFPEFpHt4_00002.jpg|wavs/JFQLvbVJVMg_00003.wav
XFnGhrCS3Gs_00005|wavs/XFnGhrCS3Gs_00005.wav|images/XFnGhrCS3Gs_00005.jpg|wavs/SWiwSBLXS3k_00002.wav
XYNUpQrZISc_00002|wavs/XYNUpQrZISc_00002.wav|images/XYNUpQrZISc_00002.jpg|wavs/ZJNESMhIxQ0_00002.wav
YyXRYgjQXX0_00002|wavs/YyXRYgjQXX0_00002.wav|images/YyXRYgjQXX0_00002.jpg|wavs/y6MC4iXhT6I_00001.wav
YzGjO5aHShQ_00004|wavs/YzGjO5aHShQ_00004.wav|images/YzGjO5aHShQ_00004.jpg|wavs/aoGJP02CtPA_00003.wav
ZJNESMhIxQ0_00002|wavs/ZJNESMhIxQ0_00002.wav|images/ZJNESMhIxQ0_00002.jpg|wavs/BzeTjn0R2VY_00001.wav
ZnCSUBmeRxw_00004|wavs/ZnCSUBmeRxw_00004.wav|images/ZnCSUBmeRxw_00004.jpg|wavs/SnSHsb5xKPo_00001.wav
Zo62S0ulqhA_00003|wavs/Zo62S0ulqhA_00003.wav|images/Zo62S0ulqhA_00003.jpg|wavs/WFCvkkDSfIU_00002.wav
aSavBsX60Ss_00003|wavs/aSavBsX60Ss_00003.wav|images/aSavBsX60Ss_00003.jpg|wavs/xukDIWFMU9Y_00002.wav
akiQuyhXR8o_00002|wavs/akiQuyhXR8o_00002.wav|images/akiQuyhXR8o_00002.jpg|wavs/MsLuQM5V3FA_00002.wav
aoGJP02CtPA_00003|wavs/aoGJP02CtPA_00003.wav|images/aoGJP02CtPA_00003.jpg|wavs/S2Dj9M71JAc_00006.wav
aupPrDnhrKA_00002|wavs/aupPrDnhrKA_00002.wav|images/aupPrDnhrKA_00002.jpg|wavs/DjeIpjhAqsM_00003.wav
bArH8r8jJ4g_00002|wavs/bArH8r8jJ4g_00002.wav|images/bArH8r8jJ4g_00002.jpg|wavs/vGX3FASrQq4_00001.wav
bS6SiVz1R0o_00002|wavs/bS6SiVz1R0o_00002.wav|images/bS6SiVz1R0o_00002.jpg|wavs/OwgWkUIm9Gc_00003.wav
